2016/11/29 18:28:57 [error] [exception.CException] exception 'CException' with message 'Property "User.password_repeat" is not defined.' in C:\xampp\htdocs\yii\framework\base\CComponent.php:130
Stack trace:
#0 C:\xampp\htdocs\yii\framework\db\ar\CActiveRecord.php(143): CComponent->__get('password_repeat')
#1 C:\xampp\htdocs\yii\framework\web\helpers\CHtml.php(2255): CActiveRecord->__get('password_repeat')
#2 C:\xampp\htdocs\yii\framework\web\helpers\CHtml.php(1980): CHtml::resolveValue(Object(User), 'password_repeat')
#3 C:\xampp\htdocs\yii\framework\web\helpers\CHtml.php(1391): CHtml::activeInputField('password', Object(User), 'password_repeat', Array)
#4 C:\xampp\htdocs\yii\framework\web\widgets\CActiveForm.php(687): CHtml::activePasswordField(Object(User), 'password_repeat', Array)
#5 C:\xampp\htdocs\aplikasiyii\protected\views\user\_form.php(32): CActiveForm->passwordField(Object(User), 'password_repeat', Array)
#6 C:\xampp\htdocs\yii\framework\web\CBaseController.php(126): require('C:\xampp\htdocs...')
#7 C:\xampp\htdocs\yii\framework\web\CBaseController.php(95): CBaseController->renderInternal('C:\xampp\htdocs...', Array, true)
#8 C:\xampp\htdocs\yii\framework\web\CController.php(869): CBaseController->renderFile('C:\xampp\htdocs...', Array, true)
#9 C:\xampp\htdocs\aplikasiyii\protected\views\user\create.php(18): CController->renderPartial('_form', Array)
#10 C:\xampp\htdocs\yii\framework\web\CBaseController.php(126): require('C:\xampp\htdocs...')
#11 C:\xampp\htdocs\yii\framework\web\CBaseController.php(95): CBaseController->renderInternal('C:\xampp\htdocs...', Array, true)
#12 C:\xampp\htdocs\yii\framework\web\CController.php(869): CBaseController->renderFile('C:\xampp\htdocs...', Array, true)
#13 C:\xampp\htdocs\yii\framework\web\CController.php(782): CController->renderPartial('create', Array, true)
#14 C:\xampp\htdocs\aplikasiyii\protected\controllers\UserController.php(79): CController->render('create', Array)
#15 C:\xampp\htdocs\yii\framework\web\actions\CInlineAction.php(49): UserController->actionCreate()
#16 C:\xampp\htdocs\yii\framework\web\CController.php(308): CInlineAction->runWithParams(Array)
#17 C:\xampp\htdocs\yii\framework\web\filters\CFilterChain.php(133): CController->runAction(Object(CInlineAction))
#18 C:\xampp\htdocs\yii\framework\web\filters\CFilter.php(40): CFilterChain->run()
#19 C:\xampp\htdocs\yii\framework\web\CController.php(1145): CFilter->filter(Object(CFilterChain))
#20 C:\xampp\htdocs\yii\framework\web\filters\CInlineFilter.php(58): CController->filterAccessControl(Object(CFilterChain))
#21 C:\xampp\htdocs\yii\framework\web\filters\CFilterChain.php(130): CInlineFilter->filter(Object(CFilterChain))
#22 C:\xampp\htdocs\yii\framework\web\CController.php(291): CFilterChain->run()
#23 C:\xampp\htdocs\yii\framework\web\CController.php(265): CController->runActionWithFilters(Object(CInlineAction), Array)
#24 C:\xampp\htdocs\yii\framework\web\CWebApplication.php(282): CController->run('create')
#25 C:\xampp\htdocs\yii\framework\web\CWebApplication.php(141): CWebApplication->runController('user/create')
#26 C:\xampp\htdocs\yii\framework\base\CApplication.php(169): CWebApplication->processRequest()
#27 C:\xampp\htdocs\aplikasiyii\index.php(13): CApplication->run()
#28 {main}
REQUEST_URI=/aplikasiyii/index.php?r=user/create
HTTP_REFERER=http://localhost/aplikasiyii/index.php?r=site/login
---
2016/11/29 18:45:44 [error] [exception.CException] exception 'CException' with message 'Property "User.tangalLahir" is not defined.' in C:\xampp\htdocs\yii\framework\base\CComponent.php:130
Stack trace:
#0 C:\xampp\htdocs\yii\framework\db\ar\CActiveRecord.php(143): CComponent->__get('tangalLahir')
#1 C:\xampp\htdocs\aplikasiyii\protected\views\user\_form.php(46): CActiveRecord->__get('tangalLahir')
#2 C:\xampp\htdocs\yii\framework\web\CBaseController.php(126): require('C:\xampp\htdocs...')
#3 C:\xampp\htdocs\yii\framework\web\CBaseController.php(95): CBaseController->renderInternal('C:\xampp\htdocs...', Array, true)
#4 C:\xampp\htdocs\yii\framework\web\CController.php(869): CBaseController->renderFile('C:\xampp\htdocs...', Array, true)
#5 C:\xampp\htdocs\aplikasiyii\protected\views\user\create.php(18): CController->renderPartial('_form', Array)
#6 C:\xampp\htdocs\yii\framework\web\CBaseController.php(126): require('C:\xampp\htdocs...')
#7 C:\xampp\htdocs\yii\framework\web\CBaseController.php(95): CBaseController->renderInternal('C:\xampp\htdocs...', Array, true)
#8 C:\xampp\htdocs\yii\framework\web\CController.php(869): CBaseController->renderFile('C:\xampp\htdocs...', Array, true)
#9 C:\xampp\htdocs\yii\framework\web\CController.php(782): CController->renderPartial('create', Array, true)
#10 C:\xampp\htdocs\aplikasiyii\protected\controllers\UserController.php(79): CController->render('create', Array)
#11 C:\xampp\htdocs\yii\framework\web\actions\CInlineAction.php(49): UserController->actionCreate()
#12 C:\xampp\htdocs\yii\framework\web\CController.php(308): CInlineAction->runWithParams(Array)
#13 C:\xampp\htdocs\yii\framework\web\filters\CFilterChain.php(133): CController->runAction(Object(CInlineAction))
#14 C:\xampp\htdocs\yii\framework\web\filters\CFilter.php(40): CFilterChain->run()
#15 C:\xampp\htdocs\yii\framework\web\CController.php(1145): CFilter->filter(Object(CFilterChain))
#16 C:\xampp\htdocs\yii\framework\web\filters\CInlineFilter.php(58): CController->filterAccessControl(Object(CFilterChain))
#17 C:\xampp\htdocs\yii\framework\web\filters\CFilterChain.php(130): CInlineFilter->filter(Object(CFilterChain))
#18 C:\xampp\htdocs\yii\framework\web\CController.php(291): CFilterChain->run()
#19 C:\xampp\htdocs\yii\framework\web\CController.php(265): CController->runActionWithFilters(Object(CInlineAction), Array)
#20 C:\xampp\htdocs\yii\framework\web\CWebApplication.php(282): CController->run('create')
#21 C:\xampp\htdocs\yii\framework\web\CWebApplication.php(141): CWebApplication->runController('user/create')
#22 C:\xampp\htdocs\yii\framework\base\CApplication.php(169): CWebApplication->processRequest()
#23 C:\xampp\htdocs\aplikasiyii\index.php(13): CApplication->run()
#24 {main}
REQUEST_URI=/aplikasiyii/index.php?r=user/create
---
2016/11/29 18:46:06 [error] [php] Trying to get property of non-object (C:\xampp\htdocs\aplikasiyii\protected\views\user\_form.php:48)
Stack trace:
#0 C:\xampp\htdocs\yii\framework\web\CController.php(869): UserController->renderFile()
#1 C:\xampp\htdocs\aplikasiyii\protected\views\user\create.php(18): UserController->renderPartial()
#2 C:\xampp\htdocs\yii\framework\web\CBaseController.php(126): require()
#3 C:\xampp\htdocs\yii\framework\web\CBaseController.php(95): UserController->renderInternal()
#4 C:\xampp\htdocs\yii\framework\web\CController.php(869): UserController->renderFile()
#5 C:\xampp\htdocs\yii\framework\web\CController.php(782): UserController->renderPartial()
#6 C:\xampp\htdocs\aplikasiyii\protected\controllers\UserController.php(79): UserController->render()
#7 C:\xampp\htdocs\yii\framework\web\actions\CInlineAction.php(49): UserController->actionCreate()
#8 C:\xampp\htdocs\yii\framework\web\CController.php(308): CInlineAction->runWithParams()
#9 C:\xampp\htdocs\yii\framework\web\filters\CFilterChain.php(133): UserController->runAction()
#10 C:\xampp\htdocs\yii\framework\web\filters\CFilter.php(40): CFilterChain->run()
#11 C:\xampp\htdocs\yii\framework\web\CController.php(1145): CAccessControlFilter->filter()
#12 C:\xampp\htdocs\yii\framework\web\filters\CInlineFilter.php(58): UserController->filterAccessControl()
#13 C:\xampp\htdocs\yii\framework\web\filters\CFilterChain.php(130): CInlineFilter->filter()
#14 C:\xampp\htdocs\yii\framework\web\CController.php(291): CFilterChain->run()
#15 C:\xampp\htdocs\yii\framework\web\CController.php(265): UserController->runActionWithFilters()
#16 C:\xampp\htdocs\yii\framework\web\CWebApplication.php(282): UserController->run()
#17 C:\xampp\htdocs\yii\framework\web\CWebApplication.php(141): CWebApplication->runController()
#18 C:\xampp\htdocs\yii\framework\base\CApplication.php(169): CWebApplication->processRequest()
#19 C:\xampp\htdocs\aplikasiyii\index.php(13): CWebApplication->run()
REQUEST_URI=/aplikasiyii/index.php?r=user/create
in C:\xampp\htdocs\aplikasiyii\protected\views\user\_form.php (48)
in C:\xampp\htdocs\aplikasiyii\protected\views\user\create.php (18)
in C:\xampp\htdocs\aplikasiyii\protected\controllers\UserController.php (79)
2016/11/29 18:46:58 [warning] [application] Failed to set unsafe attribute "password_repeat" of "User".
in C:\xampp\htdocs\aplikasiyii\protected\controllers\UserController.php (72)
in C:\xampp\htdocs\aplikasiyii\index.php (13)
2016/11/29 18:46:58 [error] [php] Uninitialized string offset: 0 (C:\xampp\htdocs\yii\framework\i18n\CDateFormatter.php:93)
Stack trace:
#0 C:\xampp\htdocs\yii\framework\web\CBaseController.php(126): require()
#1 C:\xampp\htdocs\yii\framework\web\CBaseController.php(95): UserController->renderInternal()
#2 C:\xampp\htdocs\yii\framework\web\CController.php(869): UserController->renderFile()
#3 C:\xampp\htdocs\aplikasiyii\protected\views\user\create.php(18): UserController->renderPartial()
#4 C:\xampp\htdocs\yii\framework\web\CBaseController.php(126): require()
#5 C:\xampp\htdocs\yii\framework\web\CBaseController.php(95): UserController->renderInternal()
#6 C:\xampp\htdocs\yii\framework\web\CController.php(869): UserController->renderFile()
#7 C:\xampp\htdocs\yii\framework\web\CController.php(782): UserController->renderPartial()
#8 C:\xampp\htdocs\aplikasiyii\protected\controllers\UserController.php(79): UserController->render()
#9 C:\xampp\htdocs\yii\framework\web\actions\CInlineAction.php(49): UserController->actionCreate()
#10 C:\xampp\htdocs\yii\framework\web\CController.php(308): CInlineAction->runWithParams()
#11 C:\xampp\htdocs\yii\framework\web\filters\CFilterChain.php(133): UserController->runAction()
#12 C:\xampp\htdocs\yii\framework\web\filters\CFilter.php(40): CFilterChain->run()
#13 C:\xampp\htdocs\yii\framework\web\CController.php(1145): CAccessControlFilter->filter()
#14 C:\xampp\htdocs\yii\framework\web\filters\CInlineFilter.php(58): UserController->filterAccessControl()
#15 C:\xampp\htdocs\yii\framework\web\filters\CFilterChain.php(130): CInlineFilter->filter()
#16 C:\xampp\htdocs\yii\framework\web\CController.php(291): CFilterChain->run()
#17 C:\xampp\htdocs\yii\framework\web\CController.php(265): UserController->runActionWithFilters()
#18 C:\xampp\htdocs\yii\framework\web\CWebApplication.php(282): UserController->run()
#19 C:\xampp\htdocs\yii\framework\web\CWebApplication.php(141): CWebApplication->runController()
#20 C:\xampp\htdocs\yii\framework\base\CApplication.php(169): CWebApplication->processRequest()
#21 C:\xampp\htdocs\aplikasiyii\index.php(13): CWebApplication->run()
REQUEST_URI=/aplikasiyii/index.php?r=user/create
in C:\xampp\htdocs\aplikasiyii\protected\views\user\_form.php (46)
in C:\xampp\htdocs\aplikasiyii\protected\views\user\create.php (18)
in C:\xampp\htdocs\aplikasiyii\protected\controllers\UserController.php (79)
2016/11/29 18:51:20 [warning] [application] Failed to set unsafe attribute "password_repeat" of "User".
in C:\xampp\htdocs\aplikasiyii\protected\controllers\UserController.php (72)
in C:\xampp\htdocs\aplikasiyii\index.php (13)
2016/11/29 18:51:34 [warning] [application] Failed to set unsafe attribute "password_repeat" of "User".
in C:\xampp\htdocs\aplikasiyii\protected\controllers\UserController.php (72)
in C:\xampp\htdocs\aplikasiyii\index.php (13)
2016/11/29 19:02:42 [error] [exception.CException] exception 'CException' with message 'Property "UserIdentity.nama_member" is not defined.' in C:\xampp\htdocs\yii\framework\base\CComponent.php:130
Stack trace:
#0 C:\xampp\htdocs\aplikasiyii\protected\components\UserIdentity.php(13): CComponent->__get('nama_member')
#1 C:\xampp\htdocs\aplikasiyii\protected\models\LoginForm.php(52): UserIdentity->authenticate()
#2 C:\xampp\htdocs\yii\framework\validators\CInlineValidator.php(42): LoginForm->authenticate('password', Array)
#3 C:\xampp\htdocs\yii\framework\validators\CValidator.php(213): CInlineValidator->validateAttribute(Object(LoginForm), 'password')
#4 C:\xampp\htdocs\yii\framework\base\CModel.php(159): CValidator->validate(Object(LoginForm), NULL)
#5 C:\xampp\htdocs\aplikasiyii\protected\controllers\SiteController.php(94): CModel->validate()
#6 C:\xampp\htdocs\yii\framework\web\actions\CInlineAction.php(49): SiteController->actionLogin()
#7 C:\xampp\htdocs\yii\framework\web\CController.php(308): CInlineAction->runWithParams(Array)
#8 C:\xampp\htdocs\yii\framework\web\CController.php(286): CController->runAction(Object(CInlineAction))
#9 C:\xampp\htdocs\yii\framework\web\CController.php(265): CController->runActionWithFilters(Object(CInlineAction), Array)
#10 C:\xampp\htdocs\yii\framework\web\CWebApplication.php(282): CController->run('login')
#11 C:\xampp\htdocs\yii\framework\web\CWebApplication.php(141): CWebApplication->runController('site/login')
#12 C:\xampp\htdocs\yii\framework\base\CApplication.php(169): CWebApplication->processRequest()
#13 C:\xampp\htdocs\aplikasiyii\index.php(13): CApplication->run()
#14 {main}
REQUEST_URI=/aplikasiyii/index.php?r=site/login
HTTP_REFERER=http://localhost/aplikasiyii/index.php?r=site/login
---
2016/11/29 19:07:12 [error] [system.db.CDbCommand] CDbCommand::fetch() failed: SQLSTATE[42S22]: Column not found: 1054 Unknown column 'username' in 'where clause'. The SQL statement executed was: SELECT * FROM `user` `t` WHERE LOWER(username)=? LIMIT 1.
in C:\xampp\htdocs\aplikasiyii\protected\components\UserIdentity.php (14)
in C:\xampp\htdocs\aplikasiyii\protected\models\LoginForm.php (52)
in C:\xampp\htdocs\aplikasiyii\protected\controllers\SiteController.php (94)
2016/11/29 19:07:12 [error] [exception.CDbException] exception 'CDbException' with message 'CDbCommand failed to execute the SQL statement: SQLSTATE[42S22]: Column not found: 1054 Unknown column 'username' in 'where clause'. The SQL statement executed was: SELECT * FROM `user` `t` WHERE LOWER(username)=? LIMIT 1' in C:\xampp\htdocs\yii\framework\db\CDbCommand.php:541
Stack trace:
#0 C:\xampp\htdocs\yii\framework\db\CDbCommand.php(414): CDbCommand->queryInternal('fetch', Array, Array)
#1 C:\xampp\htdocs\yii\framework\db\ar\CActiveRecord.php(1297): CDbCommand->queryRow()
#2 C:\xampp\htdocs\yii\framework\db\ar\CActiveRecord.php(1402): CActiveRecord->query(Object(CDbCriteria))
#3 C:\xampp\htdocs\aplikasiyii\protected\components\UserIdentity.php(14): CActiveRecord->find('LOWER(username)...', Array)
#4 C:\xampp\htdocs\aplikasiyii\protected\models\LoginForm.php(52): UserIdentity->authenticate()
#5 C:\xampp\htdocs\yii\framework\validators\CInlineValidator.php(42): LoginForm->authenticate('password', Array)
#6 C:\xampp\htdocs\yii\framework\validators\CValidator.php(213): CInlineValidator->validateAttribute(Object(LoginForm), 'password')
#7 C:\xampp\htdocs\yii\framework\base\CModel.php(159): CValidator->validate(Object(LoginForm), NULL)
#8 C:\xampp\htdocs\aplikasiyii\protected\controllers\SiteController.php(94): CModel->validate()
#9 C:\xampp\htdocs\yii\framework\web\actions\CInlineAction.php(49): SiteController->actionLogin()
#10 C:\xampp\htdocs\yii\framework\web\CController.php(308): CInlineAction->runWithParams(Array)
#11 C:\xampp\htdocs\yii\framework\web\CController.php(286): CController->runAction(Object(CInlineAction))
#12 C:\xampp\htdocs\yii\framework\web\CController.php(265): CController->runActionWithFilters(Object(CInlineAction), Array)
#13 C:\xampp\htdocs\yii\framework\web\CWebApplication.php(282): CController->run('login')
#14 C:\xampp\htdocs\yii\framework\web\CWebApplication.php(141): CWebApplication->runController('site/login')
#15 C:\xampp\htdocs\yii\framework\base\CApplication.php(169): CWebApplication->processRequest()
#16 C:\xampp\htdocs\aplikasiyii\index.php(13): CApplication->run()
#17 {main}
REQUEST_URI=/aplikasiyii/index.php?r=site/login
HTTP_REFERER=http://localhost/aplikasiyii/index.php?r=site/login
---
2016/11/29 19:09:51 [error] [php] Undefined variable: nama_member (C:\xampp\htdocs\aplikasiyii\protected\components\UserIdentity.php:14)
Stack trace:
#0 C:\xampp\htdocs\yii\framework\validators\CValidator.php(213): CInlineValidator->validateAttribute()
#1 C:\xampp\htdocs\yii\framework\base\CModel.php(159): CInlineValidator->validate()
#2 C:\xampp\htdocs\aplikasiyii\protected\controllers\SiteController.php(94): LoginForm->validate()
#3 C:\xampp\htdocs\yii\framework\web\actions\CInlineAction.php(49): SiteController->actionLogin()
#4 C:\xampp\htdocs\yii\framework\web\CController.php(308): CInlineAction->runWithParams()
#5 C:\xampp\htdocs\yii\framework\web\CController.php(286): SiteController->runAction()
#6 C:\xampp\htdocs\yii\framework\web\CController.php(265): SiteController->runActionWithFilters()
#7 C:\xampp\htdocs\yii\framework\web\CWebApplication.php(282): SiteController->run()
#8 C:\xampp\htdocs\yii\framework\web\CWebApplication.php(141): CWebApplication->runController()
#9 C:\xampp\htdocs\yii\framework\base\CApplication.php(169): CWebApplication->processRequest()
#10 C:\xampp\htdocs\aplikasiyii\index.php(13): CWebApplication->run()
REQUEST_URI=/aplikasiyii/index.php?r=site/login
in C:\xampp\htdocs\aplikasiyii\protected\components\UserIdentity.php (14)
in C:\xampp\htdocs\aplikasiyii\protected\models\LoginForm.php (52)
in C:\xampp\htdocs\aplikasiyii\protected\controllers\SiteController.php (94)
2016/11/29 19:16:18 [error] [exception.CException] exception 'CException' with message 'Property "User.pwd_hash" is not defined.' in C:\xampp\htdocs\yii\framework\base\CComponent.php:173
Stack trace:
#0 C:\xampp\htdocs\yii\framework\db\ar\CActiveRecord.php(159): CComponent->__set('pwd_hash', '$1$Qd2.Z34.$GwW...')
#1 C:\xampp\htdocs\aplikasiyii\protected\models\User.php(134): CActiveRecord->__set('pwd_hash', '$1$Qd2.Z34.$GwW...')
#2 C:\xampp\htdocs\yii\framework\db\ar\CActiveRecord.php(1017): User->beforeSave()
#3 C:\xampp\htdocs\yii\framework\db\ar\CActiveRecord.php(795): CActiveRecord->insert(NULL)
#4 C:\xampp\htdocs\aplikasiyii\protected\controllers\UserController.php(72): CActiveRecord->save()
#5 C:\xampp\htdocs\yii\framework\web\actions\CInlineAction.php(49): UserController->actionCreate()
#6 C:\xampp\htdocs\yii\framework\web\CController.php(308): CInlineAction->runWithParams(Array)
#7 C:\xampp\htdocs\yii\framework\web\filters\CFilterChain.php(133): CController->runAction(Object(CInlineAction))
#8 C:\xampp\htdocs\yii\framework\web\filters\CFilter.php(40): CFilterChain->run()
#9 C:\xampp\htdocs\yii\framework\web\CController.php(1145): CFilter->filter(Object(CFilterChain))
#10 C:\xampp\htdocs\yii\framework\web\filters\CInlineFilter.php(58): CController->filterAccessControl(Object(CFilterChain))
#11 C:\xampp\htdocs\yii\framework\web\filters\CFilterChain.php(130): CInlineFilter->filter(Object(CFilterChain))
#12 C:\xampp\htdocs\yii\framework\web\CController.php(291): CFilterChain->run()
#13 C:\xampp\htdocs\yii\framework\web\CController.php(265): CController->runActionWithFilters(Object(CInlineAction), Array)
#14 C:\xampp\htdocs\yii\framework\web\CWebApplication.php(282): CController->run('create')
#15 C:\xampp\htdocs\yii\framework\web\CWebApplication.php(141): CWebApplication->runController('user/create')
#16 C:\xampp\htdocs\yii\framework\base\CApplication.php(169): CWebApplication->processRequest()
#17 C:\xampp\htdocs\aplikasiyii\index.php(13): CApplication->run()
#18 {main}
REQUEST_URI=/aplikasiyii/index.php?r=user/create
HTTP_REFERER=http://localhost/aplikasiyii/index.php?r=user/create
---
2016/11/29 19:21:05 [error] [exception.CException] exception 'CException' with message 'Property "UserIdentity.nama_member" is not defined.' in C:\xampp\htdocs\yii\framework\base\CComponent.php:130
Stack trace:
#0 C:\xampp\htdocs\aplikasiyii\protected\components\UserIdentity.php(13): CComponent->__get('nama_member')
#1 C:\xampp\htdocs\aplikasiyii\protected\models\LoginForm.php(52): UserIdentity->authenticate()
#2 C:\xampp\htdocs\yii\framework\validators\CInlineValidator.php(42): LoginForm->authenticate('password', Array)
#3 C:\xampp\htdocs\yii\framework\validators\CValidator.php(213): CInlineValidator->validateAttribute(Object(LoginForm), 'password')
#4 C:\xampp\htdocs\yii\framework\base\CModel.php(159): CValidator->validate(Object(LoginForm), NULL)
#5 C:\xampp\htdocs\aplikasiyii\protected\controllers\SiteController.php(94): CModel->validate()
#6 C:\xampp\htdocs\yii\framework\web\actions\CInlineAction.php(49): SiteController->actionLogin()
#7 C:\xampp\htdocs\yii\framework\web\CController.php(308): CInlineAction->runWithParams(Array)
#8 C:\xampp\htdocs\yii\framework\web\CController.php(286): CController->runAction(Object(CInlineAction))
#9 C:\xampp\htdocs\yii\framework\web\CController.php(265): CController->runActionWithFilters(Object(CInlineAction), Array)
#10 C:\xampp\htdocs\yii\framework\web\CWebApplication.php(282): CController->run('login')
#11 C:\xampp\htdocs\yii\framework\web\CWebApplication.php(141): CWebApplication->runController('site/login')
#12 C:\xampp\htdocs\yii\framework\base\CApplication.php(169): CWebApplication->processRequest()
#13 C:\xampp\htdocs\aplikasiyii\index.php(13): CApplication->run()
#14 {main}
REQUEST_URI=/aplikasiyii/index.php?r=site/login
HTTP_REFERER=http://localhost/aplikasiyii/index.php?r=site/login
---
2016/11/29 19:22:43 [error] [system.db.CDbCommand] CDbCommand::fetch() failed: SQLSTATE[42S22]: Column not found: 1054 Unknown column 'username' in 'where clause'. The SQL statement executed was: SELECT * FROM `user` `t` WHERE LOWER(username)=? LIMIT 1.
in C:\xampp\htdocs\aplikasiyii\protected\components\UserIdentity.php (14)
in C:\xampp\htdocs\aplikasiyii\protected\models\LoginForm.php (52)
in C:\xampp\htdocs\aplikasiyii\protected\controllers\SiteController.php (94)
2016/11/29 19:22:43 [error] [exception.CDbException] exception 'CDbException' with message 'CDbCommand failed to execute the SQL statement: SQLSTATE[42S22]: Column not found: 1054 Unknown column 'username' in 'where clause'. The SQL statement executed was: SELECT * FROM `user` `t` WHERE LOWER(username)=? LIMIT 1' in C:\xampp\htdocs\yii\framework\db\CDbCommand.php:541
Stack trace:
#0 C:\xampp\htdocs\yii\framework\db\CDbCommand.php(414): CDbCommand->queryInternal('fetch', Array, Array)
#1 C:\xampp\htdocs\yii\framework\db\ar\CActiveRecord.php(1297): CDbCommand->queryRow()
#2 C:\xampp\htdocs\yii\framework\db\ar\CActiveRecord.php(1402): CActiveRecord->query(Object(CDbCriteria))
#3 C:\xampp\htdocs\aplikasiyii\protected\components\UserIdentity.php(14): CActiveRecord->find('LOWER(username)...', Array)
#4 C:\xampp\htdocs\aplikasiyii\protected\models\LoginForm.php(52): UserIdentity->authenticate()
#5 C:\xampp\htdocs\yii\framework\validators\CInlineValidator.php(42): LoginForm->authenticate('password', Array)
#6 C:\xampp\htdocs\yii\framework\validators\CValidator.php(213): CInlineValidator->validateAttribute(Object(LoginForm), 'password')
#7 C:\xampp\htdocs\yii\framework\base\CModel.php(159): CValidator->validate(Object(LoginForm), NULL)
#8 C:\xampp\htdocs\aplikasiyii\protected\controllers\SiteController.php(94): CModel->validate()
#9 C:\xampp\htdocs\yii\framework\web\actions\CInlineAction.php(49): SiteController->actionLogin()
#10 C:\xampp\htdocs\yii\framework\web\CController.php(308): CInlineAction->runWithParams(Array)
#11 C:\xampp\htdocs\yii\framework\web\CController.php(286): CController->runAction(Object(CInlineAction))
#12 C:\xampp\htdocs\yii\framework\web\CController.php(265): CController->runActionWithFilters(Object(CInlineAction), Array)
#13 C:\xampp\htdocs\yii\framework\web\CWebApplication.php(282): CController->run('login')
#14 C:\xampp\htdocs\yii\framework\web\CWebApplication.php(141): CWebApplication->runController('site/login')
#15 C:\xampp\htdocs\yii\framework\base\CApplication.php(169): CWebApplication->processRequest()
#16 C:\xampp\htdocs\aplikasiyii\index.php(13): CApplication->run()
#17 {main}
REQUEST_URI=/aplikasiyii/index.php?r=site/login
HTTP_REFERER=http://localhost/aplikasiyii/index.php?r=site/login
---
2016/11/29 19:23:17 [error] [php] Undefined variable: nama_member (C:\xampp\htdocs\aplikasiyii\protected\components\UserIdentity.php:14)
Stack trace:
#0 C:\xampp\htdocs\yii\framework\validators\CValidator.php(213): CInlineValidator->validateAttribute()
#1 C:\xampp\htdocs\yii\framework\base\CModel.php(159): CInlineValidator->validate()
#2 C:\xampp\htdocs\aplikasiyii\protected\controllers\SiteController.php(94): LoginForm->validate()
#3 C:\xampp\htdocs\yii\framework\web\actions\CInlineAction.php(49): SiteController->actionLogin()
#4 C:\xampp\htdocs\yii\framework\web\CController.php(308): CInlineAction->runWithParams()
#5 C:\xampp\htdocs\yii\framework\web\CController.php(286): SiteController->runAction()
#6 C:\xampp\htdocs\yii\framework\web\CController.php(265): SiteController->runActionWithFilters()
#7 C:\xampp\htdocs\yii\framework\web\CWebApplication.php(282): SiteController->run()
#8 C:\xampp\htdocs\yii\framework\web\CWebApplication.php(141): CWebApplication->runController()
#9 C:\xampp\htdocs\yii\framework\base\CApplication.php(169): CWebApplication->processRequest()
#10 C:\xampp\htdocs\aplikasiyii\index.php(13): CWebApplication->run()
REQUEST_URI=/aplikasiyii/index.php?r=site/login
in C:\xampp\htdocs\aplikasiyii\protected\components\UserIdentity.php (14)
in C:\xampp\htdocs\aplikasiyii\protected\models\LoginForm.php (52)
in C:\xampp\htdocs\aplikasiyii\protected\controllers\SiteController.php (94)
2016/11/29 19:41:48 [error] [exception.CException] exception 'CException' with message 'Property "User.id" is not defined.' in C:\xampp\htdocs\yii\framework\base\CComponent.php:130
Stack trace:
#0 C:\xampp\htdocs\yii\framework\db\ar\CActiveRecord.php(143): CComponent->__get('id')
#1 C:\xampp\htdocs\aplikasiyii\protected\components\UserIdentity.php(24): CActiveRecord->__get('id')
#2 C:\xampp\htdocs\aplikasiyii\protected\models\LoginForm.php(52): UserIdentity->authenticate()
#3 C:\xampp\htdocs\yii\framework\validators\CInlineValidator.php(42): LoginForm->authenticate('password', Array)
#4 C:\xampp\htdocs\yii\framework\validators\CValidator.php(213): CInlineValidator->validateAttribute(Object(LoginForm), 'password')
#5 C:\xampp\htdocs\yii\framework\base\CModel.php(159): CValidator->validate(Object(LoginForm), NULL)
#6 C:\xampp\htdocs\aplikasiyii\protected\controllers\SiteController.php(94): CModel->validate()
#7 C:\xampp\htdocs\yii\framework\web\actions\CInlineAction.php(49): SiteController->actionLogin()
#8 C:\xampp\htdocs\yii\framework\web\CController.php(308): CInlineAction->runWithParams(Array)
#9 C:\xampp\htdocs\yii\framework\web\CController.php(286): CController->runAction(Object(CInlineAction))
#10 C:\xampp\htdocs\yii\framework\web\CController.php(265): CController->runActionWithFilters(Object(CInlineAction), Array)
#11 C:\xampp\htdocs\yii\framework\web\CWebApplication.php(282): CController->run('login')
#12 C:\xampp\htdocs\yii\framework\web\CWebApplication.php(141): CWebApplication->runController('site/login')
#13 C:\xampp\htdocs\yii\framework\base\CApplication.php(169): CWebApplication->processRequest()
#14 C:\xampp\htdocs\aplikasiyii\index.php(13): CApplication->run()
#15 {main}
REQUEST_URI=/aplikasiyii/index.php?r=site/login
HTTP_REFERER=http://localhost/aplikasiyii/index.php?r=site/login
---
2016/11/29 19:42:32 [error] [exception.CException] exception 'CException' with message 'Property "User.username" is not defined.' in C:\xampp\htdocs\yii\framework\base\CComponent.php:130
Stack trace:
#0 C:\xampp\htdocs\yii\framework\db\ar\CActiveRecord.php(143): CComponent->__get('username')
#1 C:\xampp\htdocs\aplikasiyii\protected\components\UserIdentity.php(25): CActiveRecord->__get('username')
#2 C:\xampp\htdocs\aplikasiyii\protected\models\LoginForm.php(52): UserIdentity->authenticate()
#3 C:\xampp\htdocs\yii\framework\validators\CInlineValidator.php(42): LoginForm->authenticate('password', Array)
#4 C:\xampp\htdocs\yii\framework\validators\CValidator.php(213): CInlineValidator->validateAttribute(Object(LoginForm), 'password')
#5 C:\xampp\htdocs\yii\framework\base\CModel.php(159): CValidator->validate(Object(LoginForm), NULL)
#6 C:\xampp\htdocs\aplikasiyii\protected\controllers\SiteController.php(94): CModel->validate()
#7 C:\xampp\htdocs\yii\framework\web\actions\CInlineAction.php(49): SiteController->actionLogin()
#8 C:\xampp\htdocs\yii\framework\web\CController.php(308): CInlineAction->runWithParams(Array)
#9 C:\xampp\htdocs\yii\framework\web\CController.php(286): CController->runAction(Object(CInlineAction))
#10 C:\xampp\htdocs\yii\framework\web\CController.php(265): CController->runActionWithFilters(Object(CInlineAction), Array)
#11 C:\xampp\htdocs\yii\framework\web\CWebApplication.php(282): CController->run('login')
#12 C:\xampp\htdocs\yii\framework\web\CWebApplication.php(141): CWebApplication->runController('site/login')
#13 C:\xampp\htdocs\yii\framework\base\CApplication.php(169): CWebApplication->processRequest()
#14 C:\xampp\htdocs\aplikasiyii\index.php(13): CApplication->run()
#15 {main}
REQUEST_URI=/aplikasiyii/index.php?r=site/login
HTTP_REFERER=http://localhost/aplikasiyii/index.php?r=site/login
---
2016/11/29 19:57:56 [error] [php] Missing argument 2 for CActiveForm::labelEx(), called in C:\xampp\htdocs\aplikasiyii\protected\views\site\login.php on line 28 and defined (C:\xampp\htdocs\yii\framework\web\widgets\CActiveForm.php:560)
Stack trace:
#0 C:\xampp\htdocs\yii\framework\web\CBaseController.php(95): SiteController->renderInternal()
#1 C:\xampp\htdocs\yii\framework\web\CController.php(869): SiteController->renderFile()
#2 C:\xampp\htdocs\yii\framework\web\CController.php(782): SiteController->renderPartial()
#3 C:\xampp\htdocs\aplikasiyii\protected\controllers\SiteController.php(98): SiteController->render()
#4 C:\xampp\htdocs\yii\framework\web\actions\CInlineAction.php(49): SiteController->actionLogin()
#5 C:\xampp\htdocs\yii\framework\web\CController.php(308): CInlineAction->runWithParams()
#6 C:\xampp\htdocs\yii\framework\web\CController.php(286): SiteController->runAction()
#7 C:\xampp\htdocs\yii\framework\web\CController.php(265): SiteController->runActionWithFilters()
#8 C:\xampp\htdocs\yii\framework\web\CWebApplication.php(282): SiteController->run()
#9 C:\xampp\htdocs\yii\framework\web\CWebApplication.php(141): CWebApplication->runController()
#10 C:\xampp\htdocs\yii\framework\base\CApplication.php(169): CWebApplication->processRequest()
#11 C:\xampp\htdocs\aplikasiyii\index.php(13): CWebApplication->run()
REQUEST_URI=/aplikasiyii/index.php?r=site/login
in C:\xampp\htdocs\aplikasiyii\protected\views\site\login.php (28)
in C:\xampp\htdocs\aplikasiyii\protected\controllers\SiteController.php (98)
in C:\xampp\htdocs\aplikasiyii\index.php (13)
2016/11/29 20:01:22 [error] [exception.CException] exception 'CException' with message 'Property "CWebApplication.isGuest" is not defined.' in C:\xampp\htdocs\yii\framework\base\CComponent.php:130
Stack trace:
#0 C:\xampp\htdocs\yii\framework\base\CModule.php(105): CComponent->__get('isGuest')
#1 C:\xampp\htdocs\aplikasiyii\themes\blackboot\views\layouts\main.php(59): CModule->__get('isGuest')
#2 C:\xampp\htdocs\yii\framework\web\CBaseController.php(126): require('C:\xampp\htdocs...')
#3 C:\xampp\htdocs\yii\framework\web\CBaseController.php(95): CBaseController->renderInternal('C:\xampp\htdocs...', Array, true)
#4 C:\xampp\htdocs\yii\framework\web\widgets\CContentDecorator.php(76): CBaseController->renderFile('C:\xampp\htdocs...', Array, true)
#5 C:\xampp\htdocs\yii\framework\web\widgets\CContentDecorator.php(54): CContentDecorator->decorate('<div class="row...')
#6 C:\xampp\htdocs\yii\framework\web\widgets\COutputProcessor.php(44): CContentDecorator->processOutput('<div class="row...')
#7 C:\xampp\htdocs\yii\framework\web\CBaseController.php(206): COutputProcessor->run()
#8 C:\xampp\htdocs\yii\framework\web\CBaseController.php(300): CBaseController->endWidget('CContentDecorat...')
#9 C:\xampp\htdocs\aplikasiyii\themes\blackboot\views\layouts\column1.php(9): CBaseController->endContent()
#10 C:\xampp\htdocs\yii\framework\web\CBaseController.php(126): require('C:\xampp\htdocs...')
#11 C:\xampp\htdocs\yii\framework\web\CBaseController.php(95): CBaseController->renderInternal('C:\xampp\htdocs...', Array, true)
#12 C:\xampp\htdocs\yii\framework\web\CController.php(784): CBaseController->renderFile('C:\xampp\htdocs...', Array, true)
#13 C:\xampp\htdocs\aplikasiyii\protected\controllers\SiteController.php(98): CController->render('login', Array)
#14 C:\xampp\htdocs\yii\framework\web\actions\CInlineAction.php(49): SiteController->actionLogin()
#15 C:\xampp\htdocs\yii\framework\web\CController.php(308): CInlineAction->runWithParams(Array)
#16 C:\xampp\htdocs\yii\framework\web\CController.php(286): CController->runAction(Object(CInlineAction))
#17 C:\xampp\htdocs\yii\framework\web\CController.php(265): CController->runActionWithFilters(Object(CInlineAction), Array)
#18 C:\xampp\htdocs\yii\framework\web\CWebApplication.php(282): CController->run('login')
#19 C:\xampp\htdocs\yii\framework\web\CWebApplication.php(141): CWebApplication->runController('site/login')
#20 C:\xampp\htdocs\yii\framework\base\CApplication.php(169): CWebApplication->processRequest()
#21 C:\xampp\htdocs\aplikasiyii\index.php(13): CApplication->run()
#22 {main}
REQUEST_URI=/aplikasiyii/index.php?r=site/login
HTTP_REFERER=http://localhost/aplikasiyii/index.php?r=site/login
---
2016/11/29 20:09:52 [error] [exception.CHttpException.403] exception 'CHttpException' with message 'You are not authorized to perform this action.' in C:\xampp\htdocs\yii\framework\web\auth\CAccessControlFilter.php:179
Stack trace:
#0 C:\xampp\htdocs\yii\framework\web\auth\CAccessControlFilter.php(142): CAccessControlFilter->accessDenied(Object(EWebUser), 'You are not aut...')
#1 C:\xampp\htdocs\yii\framework\web\filters\CFilter.php(38): CAccessControlFilter->preFilter(Object(CFilterChain))
#2 C:\xampp\htdocs\yii\framework\web\CController.php(1145): CFilter->filter(Object(CFilterChain))
#3 C:\xampp\htdocs\yii\framework\web\filters\CInlineFilter.php(58): CController->filterAccessControl(Object(CFilterChain))
#4 C:\xampp\htdocs\yii\framework\web\filters\CFilterChain.php(130): CInlineFilter->filter(Object(CFilterChain))
#5 C:\xampp\htdocs\yii\framework\web\CController.php(291): CFilterChain->run()
#6 C:\xampp\htdocs\yii\framework\web\CController.php(265): CController->runActionWithFilters(Object(CInlineAction), Array)
#7 C:\xampp\htdocs\yii\framework\web\CWebApplication.php(282): CController->run('admin')
#8 C:\xampp\htdocs\yii\framework\web\CWebApplication.php(141): CWebApplication->runController('user/admin')
#9 C:\xampp\htdocs\yii\framework\base\CApplication.php(169): CWebApplication->processRequest()
#10 C:\xampp\htdocs\aplikasiyii\index.php(13): CApplication->run()
#11 {main}
REQUEST_URI=/aplikasiyii/index.php?r=user/admin
HTTP_REFERER=http://localhost/aplikasiyii/index.php?r=user/index
---
2016/11/29 20:15:16 [error] [exception.CException] exception 'CException' with message 'EWebUser and its behaviors do not have a method or closure named "getLevel".' in C:\xampp\htdocs\yii\framework\base\CComponent.php:265
Stack trace:
#0 C:\xampp\htdocs\aplikasiyii\themes\blackboot\views\layouts\column2.php(7): CComponent->__call('getLevel', Array)
#1 C:\xampp\htdocs\aplikasiyii\themes\blackboot\views\layouts\column2.php(7): EWebUser->getLevel()
#2 C:\xampp\htdocs\yii\framework\web\CBaseController.php(126): require('C:\xampp\htdocs...')
#3 C:\xampp\htdocs\yii\framework\web\CBaseController.php(95): CBaseController->renderInternal('C:\xampp\htdocs...', Array, true)
#4 C:\xampp\htdocs\yii\framework\web\CController.php(784): CBaseController->renderFile('C:\xampp\htdocs...', Array, true)
#5 C:\xampp\htdocs\aplikasiyii\protected\controllers\UserController.php(129): CController->render('index', Array)
#6 C:\xampp\htdocs\yii\framework\web\actions\CInlineAction.php(49): UserController->actionIndex()
#7 C:\xampp\htdocs\yii\framework\web\CController.php(308): CInlineAction->runWithParams(Array)
#8 C:\xampp\htdocs\yii\framework\web\filters\CFilterChain.php(133): CController->runAction(Object(CInlineAction))
#9 C:\xampp\htdocs\yii\framework\web\filters\CFilter.php(40): CFilterChain->run()
#10 C:\xampp\htdocs\yii\framework\web\CController.php(1145): CFilter->filter(Object(CFilterChain))
#11 C:\xampp\htdocs\yii\framework\web\filters\CInlineFilter.php(58): CController->filterAccessControl(Object(CFilterChain))
#12 C:\xampp\htdocs\yii\framework\web\filters\CFilterChain.php(130): CInlineFilter->filter(Object(CFilterChain))
#13 C:\xampp\htdocs\yii\framework\web\CController.php(291): CFilterChain->run()
#14 C:\xampp\htdocs\yii\framework\web\CController.php(265): CController->runActionWithFilters(Object(CInlineAction), Array)
#15 C:\xampp\htdocs\yii\framework\web\CWebApplication.php(282): CController->run('index')
#16 C:\xampp\htdocs\yii\framework\web\CWebApplication.php(141): CWebApplication->runController('user/index')
#17 C:\xampp\htdocs\yii\framework\base\CApplication.php(169): CWebApplication->processRequest()
#18 C:\xampp\htdocs\aplikasiyii\index.php(13): CApplication->run()
#19 {main}
REQUEST_URI=/aplikasiyii/index.php?r=user/index
---
2016/11/29 20:17:09 [error] [php] include(Member.php): failed to open stream: No such file or directory (C:\xampp\htdocs\yii\framework\YiiBase.php:421)
Stack trace:
#0 C:\xampp\htdocs\aplikasiyii\protected\components\EWebUser.php(9): spl_autoload_call()
#1 C:\xampp\htdocs\aplikasiyii\protected\components\EWebUser.php(19): EWebUser->loadUser()
#2 C:\xampp\htdocs\aplikasiyii\themes\blackboot\views\layouts\column2.php(7): EWebUser->getLevel()
#3 C:\xampp\htdocs\yii\framework\web\CBaseController.php(126): require()
#4 C:\xampp\htdocs\yii\framework\web\CBaseController.php(95): UserController->renderInternal()
#5 C:\xampp\htdocs\yii\framework\web\CController.php(784): UserController->renderFile()
#6 C:\xampp\htdocs\aplikasiyii\protected\controllers\UserController.php(129): UserController->render()
#7 C:\xampp\htdocs\yii\framework\web\actions\CInlineAction.php(49): UserController->actionIndex()
#8 C:\xampp\htdocs\yii\framework\web\CController.php(308): CInlineAction->runWithParams()
#9 C:\xampp\htdocs\yii\framework\web\filters\CFilterChain.php(133): UserController->runAction()
#10 C:\xampp\htdocs\yii\framework\web\filters\CFilter.php(40): CFilterChain->run()
#11 C:\xampp\htdocs\yii\framework\web\CController.php(1145): CAccessControlFilter->filter()
#12 C:\xampp\htdocs\yii\framework\web\filters\CInlineFilter.php(58): UserController->filterAccessControl()
#13 C:\xampp\htdocs\yii\framework\web\filters\CFilterChain.php(130): CInlineFilter->filter()
#14 C:\xampp\htdocs\yii\framework\web\CController.php(291): CFilterChain->run()
#15 C:\xampp\htdocs\yii\framework\web\CController.php(265): UserController->runActionWithFilters()
#16 C:\xampp\htdocs\yii\framework\web\CWebApplication.php(282): UserController->run()
#17 C:\xampp\htdocs\yii\framework\web\CWebApplication.php(141): CWebApplication->runController()
#18 C:\xampp\htdocs\yii\framework\base\CApplication.php(169): CWebApplication->processRequest()
#19 C:\xampp\htdocs\aplikasiyii\index.php(13): CWebApplication->run()
REQUEST_URI=/aplikasiyii/index.php?r=user/index
in C:\xampp\htdocs\aplikasiyii\protected\components\EWebUser.php (9)
in C:\xampp\htdocs\aplikasiyii\protected\components\EWebUser.php (19)
in C:\xampp\htdocs\aplikasiyii\themes\blackboot\views\layouts\column2.php (7)
2016/11/29 20:18:15 [error] [php] include(TbHtml.php): failed to open stream: No such file or directory (C:\xampp\htdocs\yii\framework\YiiBase.php:421)
Stack trace:
#0 C:\xampp\htdocs\aplikasiyii\themes\blackboot\views\layouts\column2.php(10): spl_autoload_call()
#1 C:\xampp\htdocs\yii\framework\web\CBaseController.php(126): require()
#2 C:\xampp\htdocs\yii\framework\web\CBaseController.php(95): UserController->renderInternal()
#3 C:\xampp\htdocs\yii\framework\web\CController.php(784): UserController->renderFile()
#4 C:\xampp\htdocs\aplikasiyii\protected\controllers\UserController.php(129): UserController->render()
#5 C:\xampp\htdocs\yii\framework\web\actions\CInlineAction.php(49): UserController->actionIndex()
#6 C:\xampp\htdocs\yii\framework\web\CController.php(308): CInlineAction->runWithParams()
#7 C:\xampp\htdocs\yii\framework\web\filters\CFilterChain.php(133): UserController->runAction()
#8 C:\xampp\htdocs\yii\framework\web\filters\CFilter.php(40): CFilterChain->run()
#9 C:\xampp\htdocs\yii\framework\web\CController.php(1145): CAccessControlFilter->filter()
#10 C:\xampp\htdocs\yii\framework\web\filters\CInlineFilter.php(58): UserController->filterAccessControl()
#11 C:\xampp\htdocs\yii\framework\web\filters\CFilterChain.php(130): CInlineFilter->filter()
#12 C:\xampp\htdocs\yii\framework\web\CController.php(291): CFilterChain->run()
#13 C:\xampp\htdocs\yii\framework\web\CController.php(265): UserController->runActionWithFilters()
#14 C:\xampp\htdocs\yii\framework\web\CWebApplication.php(282): UserController->run()
#15 C:\xampp\htdocs\yii\framework\web\CWebApplication.php(141): CWebApplication->runController()
#16 C:\xampp\htdocs\yii\framework\base\CApplication.php(169): CWebApplication->processRequest()
#17 C:\xampp\htdocs\aplikasiyii\index.php(13): CWebApplication->run()
REQUEST_URI=/aplikasiyii/index.php?r=user/index
in C:\xampp\htdocs\aplikasiyii\themes\blackboot\views\layouts\column2.php (10)
in C:\xampp\htdocs\aplikasiyii\protected\controllers\UserController.php (129)
in C:\xampp\htdocs\aplikasiyii\index.php (13)
2016/11/29 20:20:03 [error] [php] include(TbHtml.php): failed to open stream: No such file or directory (C:\xampp\htdocs\yii\framework\YiiBase.php:421)
Stack trace:
#0 C:\xampp\htdocs\aplikasiyii\themes\blackboot\views\layouts\column2.php(10): spl_autoload_call()
#1 C:\xampp\htdocs\yii\framework\web\CBaseController.php(126): require()
#2 C:\xampp\htdocs\yii\framework\web\CBaseController.php(95): UserController->renderInternal()
#3 C:\xampp\htdocs\yii\framework\web\CController.php(784): UserController->renderFile()
#4 C:\xampp\htdocs\aplikasiyii\protected\controllers\UserController.php(129): UserController->render()
#5 C:\xampp\htdocs\yii\framework\web\actions\CInlineAction.php(49): UserController->actionIndex()
#6 C:\xampp\htdocs\yii\framework\web\CController.php(308): CInlineAction->runWithParams()
#7 C:\xampp\htdocs\yii\framework\web\filters\CFilterChain.php(133): UserController->runAction()
#8 C:\xampp\htdocs\yii\framework\web\filters\CFilter.php(40): CFilterChain->run()
#9 C:\xampp\htdocs\yii\framework\web\CController.php(1145): CAccessControlFilter->filter()
#10 C:\xampp\htdocs\yii\framework\web\filters\CInlineFilter.php(58): UserController->filterAccessControl()
#11 C:\xampp\htdocs\yii\framework\web\filters\CFilterChain.php(130): CInlineFilter->filter()
#12 C:\xampp\htdocs\yii\framework\web\CController.php(291): CFilterChain->run()
#13 C:\xampp\htdocs\yii\framework\web\CController.php(265): UserController->runActionWithFilters()
#14 C:\xampp\htdocs\yii\framework\web\CWebApplication.php(282): UserController->run()
#15 C:\xampp\htdocs\yii\framework\web\CWebApplication.php(141): CWebApplication->runController()
#16 C:\xampp\htdocs\yii\framework\base\CApplication.php(169): CWebApplication->processRequest()
#17 C:\xampp\htdocs\aplikasiyii\index.php(13): CWebApplication->run()
REQUEST_URI=/aplikasiyii/index.php?r=user/index
in C:\xampp\htdocs\aplikasiyii\themes\blackboot\views\layouts\column2.php (10)
in C:\xampp\htdocs\aplikasiyii\protected\controllers\UserController.php (129)
in C:\xampp\htdocs\aplikasiyii\index.php (13)
2016/11/29 20:20:59 [error] [php] include(TbHtml.php): failed to open stream: No such file or directory (C:\xampp\htdocs\yii\framework\YiiBase.php:421)
Stack trace:
#0 C:\xampp\htdocs\aplikasiyii\themes\blackboot\views\layouts\column2.php(10): spl_autoload_call()
#1 C:\xampp\htdocs\yii\framework\web\CBaseController.php(126): require()
#2 C:\xampp\htdocs\yii\framework\web\CBaseController.php(95): UserController->renderInternal()
#3 C:\xampp\htdocs\yii\framework\web\CController.php(784): UserController->renderFile()
#4 C:\xampp\htdocs\aplikasiyii\protected\controllers\UserController.php(129): UserController->render()
#5 C:\xampp\htdocs\yii\framework\web\actions\CInlineAction.php(49): UserController->actionIndex()
#6 C:\xampp\htdocs\yii\framework\web\CController.php(308): CInlineAction->runWithParams()
#7 C:\xampp\htdocs\yii\framework\web\filters\CFilterChain.php(133): UserController->runAction()
#8 C:\xampp\htdocs\yii\framework\web\filters\CFilter.php(40): CFilterChain->run()
#9 C:\xampp\htdocs\yii\framework\web\CController.php(1145): CAccessControlFilter->filter()
#10 C:\xampp\htdocs\yii\framework\web\filters\CInlineFilter.php(58): UserController->filterAccessControl()
#11 C:\xampp\htdocs\yii\framework\web\filters\CFilterChain.php(130): CInlineFilter->filter()
#12 C:\xampp\htdocs\yii\framework\web\CController.php(291): CFilterChain->run()
#13 C:\xampp\htdocs\yii\framework\web\CController.php(265): UserController->runActionWithFilters()
#14 C:\xampp\htdocs\yii\framework\web\CWebApplication.php(282): UserController->run()
#15 C:\xampp\htdocs\yii\framework\web\CWebApplication.php(141): CWebApplication->runController()
#16 C:\xampp\htdocs\yii\framework\base\CApplication.php(169): CWebApplication->processRequest()
#17 C:\xampp\htdocs\aplikasiyii\index.php(13): CWebApplication->run()
REQUEST_URI=/aplikasiyii/index.php?r=user/index
in C:\xampp\htdocs\aplikasiyii\themes\blackboot\views\layouts\column2.php (10)
in C:\xampp\htdocs\aplikasiyii\protected\controllers\UserController.php (129)
in C:\xampp\htdocs\aplikasiyii\index.php (13)
2016/11/29 20:24:03 [error] [exception.CException] exception 'CException' with message 'EWebUser and its behaviors do not have a method or closure named "getLevel".' in C:\xampp\htdocs\yii\framework\base\CComponent.php:265
Stack trace:
#0 C:\xampp\htdocs\aplikasiyii\themes\blackboot\views\layouts\column2.php(7): CComponent->__call('getLevel', Array)
#1 C:\xampp\htdocs\aplikasiyii\themes\blackboot\views\layouts\column2.php(7): EWebUser->getLevel()
#2 C:\xampp\htdocs\yii\framework\web\CBaseController.php(126): require('C:\xampp\htdocs...')
#3 C:\xampp\htdocs\yii\framework\web\CBaseController.php(95): CBaseController->renderInternal('C:\xampp\htdocs...', Array, true)
#4 C:\xampp\htdocs\yii\framework\web\CController.php(784): CBaseController->renderFile('C:\xampp\htdocs...', Array, true)
#5 C:\xampp\htdocs\aplikasiyii\protected\controllers\UserController.php(129): CController->render('index', Array)
#6 C:\xampp\htdocs\yii\framework\web\actions\CInlineAction.php(49): UserController->actionIndex()
#7 C:\xampp\htdocs\yii\framework\web\CController.php(308): CInlineAction->runWithParams(Array)
#8 C:\xampp\htdocs\yii\framework\web\filters\CFilterChain.php(133): CController->runAction(Object(CInlineAction))
#9 C:\xampp\htdocs\yii\framework\web\filters\CFilter.php(40): CFilterChain->run()
#10 C:\xampp\htdocs\yii\framework\web\CController.php(1145): CFilter->filter(Object(CFilterChain))
#11 C:\xampp\htdocs\yii\framework\web\filters\CInlineFilter.php(58): CController->filterAccessControl(Object(CFilterChain))
#12 C:\xampp\htdocs\yii\framework\web\filters\CFilterChain.php(130): CInlineFilter->filter(Object(CFilterChain))
#13 C:\xampp\htdocs\yii\framework\web\CController.php(291): CFilterChain->run()
#14 C:\xampp\htdocs\yii\framework\web\CController.php(265): CController->runActionWithFilters(Object(CInlineAction), Array)
#15 C:\xampp\htdocs\yii\framework\web\CWebApplication.php(282): CController->run('index')
#16 C:\xampp\htdocs\yii\framework\web\CWebApplication.php(141): CWebApplication->runController('user/index')
#17 C:\xampp\htdocs\yii\framework\base\CApplication.php(169): CWebApplication->processRequest()
#18 C:\xampp\htdocs\aplikasiyii\index.php(13): CApplication->run()
#19 {main}
REQUEST_URI=/aplikasiyii/index.php?r=user/index
HTTP_REFERER=http://localhost/aplikasiyii/
---
2016/11/29 20:28:43 [error] [exception.CException] exception 'CException' with message 'EWebUser and its behaviors do not have a method or closure named "getLevel".' in C:\xampp\htdocs\yii\framework\base\CComponent.php:265
Stack trace:
#0 C:\xampp\htdocs\aplikasiyii\themes\blackboot\views\layouts\column2.php(5): CComponent->__call('getLevel', Array)
#1 C:\xampp\htdocs\aplikasiyii\themes\blackboot\views\layouts\column2.php(5): EWebUser->getLevel()
#2 C:\xampp\htdocs\yii\framework\web\CBaseController.php(126): require('C:\xampp\htdocs...')
#3 C:\xampp\htdocs\yii\framework\web\CBaseController.php(95): CBaseController->renderInternal('C:\xampp\htdocs...', Array, true)
#4 C:\xampp\htdocs\yii\framework\web\CController.php(784): CBaseController->renderFile('C:\xampp\htdocs...', Array, true)
#5 C:\xampp\htdocs\aplikasiyii\protected\controllers\UserController.php(129): CController->render('index', Array)
#6 C:\xampp\htdocs\yii\framework\web\actions\CInlineAction.php(49): UserController->actionIndex()
#7 C:\xampp\htdocs\yii\framework\web\CController.php(308): CInlineAction->runWithParams(Array)
#8 C:\xampp\htdocs\yii\framework\web\filters\CFilterChain.php(133): CController->runAction(Object(CInlineAction))
#9 C:\xampp\htdocs\yii\framework\web\filters\CFilter.php(40): CFilterChain->run()
#10 C:\xampp\htdocs\yii\framework\web\CController.php(1145): CFilter->filter(Object(CFilterChain))
#11 C:\xampp\htdocs\yii\framework\web\filters\CInlineFilter.php(58): CController->filterAccessControl(Object(CFilterChain))
#12 C:\xampp\htdocs\yii\framework\web\filters\CFilterChain.php(130): CInlineFilter->filter(Object(CFilterChain))
#13 C:\xampp\htdocs\yii\framework\web\CController.php(291): CFilterChain->run()
#14 C:\xampp\htdocs\yii\framework\web\CController.php(265): CController->runActionWithFilters(Object(CInlineAction), Array)
#15 C:\xampp\htdocs\yii\framework\web\CWebApplication.php(282): CController->run('index')
#16 C:\xampp\htdocs\yii\framework\web\CWebApplication.php(141): CWebApplication->runController('user/index')
#17 C:\xampp\htdocs\yii\framework\base\CApplication.php(169): CWebApplication->processRequest()
#18 C:\xampp\htdocs\aplikasiyii\index.php(13): CApplication->run()
#19 {main}
REQUEST_URI=/aplikasiyii/index.php?r=user/index
---
2016/11/29 20:28:54 [error] [exception.CException] exception 'CException' with message 'EWebUser and its behaviors do not have a method or closure named "Level".' in C:\xampp\htdocs\yii\framework\base\CComponent.php:265
Stack trace:
#0 C:\xampp\htdocs\aplikasiyii\themes\blackboot\views\layouts\column2.php(5): CComponent->__call('Level', Array)
#1 C:\xampp\htdocs\aplikasiyii\themes\blackboot\views\layouts\column2.php(5): EWebUser->Level()
#2 C:\xampp\htdocs\yii\framework\web\CBaseController.php(126): require('C:\xampp\htdocs...')
#3 C:\xampp\htdocs\yii\framework\web\CBaseController.php(95): CBaseController->renderInternal('C:\xampp\htdocs...', Array, true)
#4 C:\xampp\htdocs\yii\framework\web\CController.php(784): CBaseController->renderFile('C:\xampp\htdocs...', Array, true)
#5 C:\xampp\htdocs\aplikasiyii\protected\controllers\UserController.php(129): CController->render('index', Array)
#6 C:\xampp\htdocs\yii\framework\web\actions\CInlineAction.php(49): UserController->actionIndex()
#7 C:\xampp\htdocs\yii\framework\web\CController.php(308): CInlineAction->runWithParams(Array)
#8 C:\xampp\htdocs\yii\framework\web\filters\CFilterChain.php(133): CController->runAction(Object(CInlineAction))
#9 C:\xampp\htdocs\yii\framework\web\filters\CFilter.php(40): CFilterChain->run()
#10 C:\xampp\htdocs\yii\framework\web\CController.php(1145): CFilter->filter(Object(CFilterChain))
#11 C:\xampp\htdocs\yii\framework\web\filters\CInlineFilter.php(58): CController->filterAccessControl(Object(CFilterChain))
#12 C:\xampp\htdocs\yii\framework\web\filters\CFilterChain.php(130): CInlineFilter->filter(Object(CFilterChain))
#13 C:\xampp\htdocs\yii\framework\web\CController.php(291): CFilterChain->run()
#14 C:\xampp\htdocs\yii\framework\web\CController.php(265): CController->runActionWithFilters(Object(CInlineAction), Array)
#15 C:\xampp\htdocs\yii\framework\web\CWebApplication.php(282): CController->run('index')
#16 C:\xampp\htdocs\yii\framework\web\CWebApplication.php(141): CWebApplication->runController('user/index')
#17 C:\xampp\htdocs\yii\framework\base\CApplication.php(169): CWebApplication->processRequest()
#18 C:\xampp\htdocs\aplikasiyii\index.php(13): CApplication->run()
#19 {main}
REQUEST_URI=/aplikasiyii/index.php?r=user/index
---
2016/11/29 20:30:01 [error] [exception.CException] exception 'CException' with message 'Property "EWebUser.isAdmin" is not defined.' in C:\xampp\htdocs\yii\framework\base\CComponent.php:130
Stack trace:
#0 C:\xampp\htdocs\yii\framework\web\auth\CWebUser.php(140): CComponent->__get('isAdmin')
#1 C:\xampp\htdocs\aplikasiyii\themes\blackboot\views\layouts\column2.php(5): CWebUser->__get('isAdmin')
#2 C:\xampp\htdocs\yii\framework\web\CBaseController.php(126): require('C:\xampp\htdocs...')
#3 C:\xampp\htdocs\yii\framework\web\CBaseController.php(95): CBaseController->renderInternal('C:\xampp\htdocs...', Array, true)
#4 C:\xampp\htdocs\yii\framework\web\CController.php(784): CBaseController->renderFile('C:\xampp\htdocs...', Array, true)
#5 C:\xampp\htdocs\aplikasiyii\protected\controllers\UserController.php(129): CController->render('index', Array)
#6 C:\xampp\htdocs\yii\framework\web\actions\CInlineAction.php(49): UserController->actionIndex()
#7 C:\xampp\htdocs\yii\framework\web\CController.php(308): CInlineAction->runWithParams(Array)
#8 C:\xampp\htdocs\yii\framework\web\filters\CFilterChain.php(133): CController->runAction(Object(CInlineAction))
#9 C:\xampp\htdocs\yii\framework\web\filters\CFilter.php(40): CFilterChain->run()
#10 C:\xampp\htdocs\yii\framework\web\CController.php(1145): CFilter->filter(Object(CFilterChain))
#11 C:\xampp\htdocs\yii\framework\web\filters\CInlineFilter.php(58): CController->filterAccessControl(Object(CFilterChain))
#12 C:\xampp\htdocs\yii\framework\web\filters\CFilterChain.php(130): CInlineFilter->filter(Object(CFilterChain))
#13 C:\xampp\htdocs\yii\framework\web\CController.php(291): CFilterChain->run()
#14 C:\xampp\htdocs\yii\framework\web\CController.php(265): CController->runActionWithFilters(Object(CInlineAction), Array)
#15 C:\xampp\htdocs\yii\framework\web\CWebApplication.php(282): CController->run('index')
#16 C:\xampp\htdocs\yii\framework\web\CWebApplication.php(141): CWebApplication->runController('user/index')
#17 C:\xampp\htdocs\yii\framework\base\CApplication.php(169): CWebApplication->processRequest()
#18 C:\xampp\htdocs\aplikasiyii\index.php(13): CApplication->run()
#19 {main}
REQUEST_URI=/aplikasiyii/index.php?r=user/index
---
2016/11/29 20:30:47 [error] [exception.CException] exception 'CException' with message 'UserController has an extra endWidget(CContentDecorator) call in its view.' in C:\xampp\htdocs\yii\framework\web\CBaseController.php:210
Stack trace:
#0 C:\xampp\htdocs\yii\framework\web\CBaseController.php(300): CBaseController->endWidget('CContentDecorat...')
#1 C:\xampp\htdocs\aplikasiyii\themes\blackboot\views\layouts\column2.php(23): CBaseController->endContent()
#2 C:\xampp\htdocs\yii\framework\web\CBaseController.php(126): require('C:\xampp\htdocs...')
#3 C:\xampp\htdocs\yii\framework\web\CBaseController.php(95): CBaseController->renderInternal('C:\xampp\htdocs...', Array, true)
#4 C:\xampp\htdocs\yii\framework\web\CController.php(784): CBaseController->renderFile('C:\xampp\htdocs...', Array, true)
#5 C:\xampp\htdocs\aplikasiyii\protected\controllers\UserController.php(129): CController->render('index', Array)
#6 C:\xampp\htdocs\yii\framework\web\actions\CInlineAction.php(49): UserController->actionIndex()
#7 C:\xampp\htdocs\yii\framework\web\CController.php(308): CInlineAction->runWithParams(Array)
#8 C:\xampp\htdocs\yii\framework\web\filters\CFilterChain.php(133): CController->runAction(Object(CInlineAction))
#9 C:\xampp\htdocs\yii\framework\web\filters\CFilter.php(40): CFilterChain->run()
#10 C:\xampp\htdocs\yii\framework\web\CController.php(1145): CFilter->filter(Object(CFilterChain))
#11 C:\xampp\htdocs\yii\framework\web\filters\CInlineFilter.php(58): CController->filterAccessControl(Object(CFilterChain))
#12 C:\xampp\htdocs\yii\framework\web\filters\CFilterChain.php(130): CInlineFilter->filter(Object(CFilterChain))
#13 C:\xampp\htdocs\yii\framework\web\CController.php(291): CFilterChain->run()
#14 C:\xampp\htdocs\yii\framework\web\CController.php(265): CController->runActionWithFilters(Object(CInlineAction), Array)
#15 C:\xampp\htdocs\yii\framework\web\CWebApplication.php(282): CController->run('index')
#16 C:\xampp\htdocs\yii\framework\web\CWebApplication.php(141): CWebApplication->runController('user/index')
#17 C:\xampp\htdocs\yii\framework\base\CApplication.php(169): CWebApplication->processRequest()
#18 C:\xampp\htdocs\aplikasiyii\index.php(13): CApplication->run()
#19 {main}
REQUEST_URI=/aplikasiyii/index.php?r=user/index
HTTP_REFERER=http://localhost/aplikasiyii/index.php
---
2016/11/29 20:32:04 [error] [exception.CException] exception 'CException' with message 'UserController has an extra endWidget(CContentDecorator) call in its view.' in C:\xampp\htdocs\yii\framework\web\CBaseController.php:210
Stack trace:
#0 C:\xampp\htdocs\yii\framework\web\CBaseController.php(300): CBaseController->endWidget('CContentDecorat...')
#1 C:\xampp\htdocs\aplikasiyii\themes\blackboot\views\layouts\column2.php(23): CBaseController->endContent()
#2 C:\xampp\htdocs\yii\framework\web\CBaseController.php(126): require('C:\xampp\htdocs...')
#3 C:\xampp\htdocs\yii\framework\web\CBaseController.php(95): CBaseController->renderInternal('C:\xampp\htdocs...', Array, true)
#4 C:\xampp\htdocs\yii\framework\web\CController.php(784): CBaseController->renderFile('C:\xampp\htdocs...', Array, true)
#5 C:\xampp\htdocs\aplikasiyii\protected\controllers\UserController.php(129): CController->render('index', Array)
#6 C:\xampp\htdocs\yii\framework\web\actions\CInlineAction.php(49): UserController->actionIndex()
#7 C:\xampp\htdocs\yii\framework\web\CController.php(308): CInlineAction->runWithParams(Array)
#8 C:\xampp\htdocs\yii\framework\web\filters\CFilterChain.php(133): CController->runAction(Object(CInlineAction))
#9 C:\xampp\htdocs\yii\framework\web\filters\CFilter.php(40): CFilterChain->run()
#10 C:\xampp\htdocs\yii\framework\web\CController.php(1145): CFilter->filter(Object(CFilterChain))
#11 C:\xampp\htdocs\yii\framework\web\filters\CInlineFilter.php(58): CController->filterAccessControl(Object(CFilterChain))
#12 C:\xampp\htdocs\yii\framework\web\filters\CFilterChain.php(130): CInlineFilter->filter(Object(CFilterChain))
#13 C:\xampp\htdocs\yii\framework\web\CController.php(291): CFilterChain->run()
#14 C:\xampp\htdocs\yii\framework\web\CController.php(265): CController->runActionWithFilters(Object(CInlineAction), Array)
#15 C:\xampp\htdocs\yii\framework\web\CWebApplication.php(282): CController->run('index')
#16 C:\xampp\htdocs\yii\framework\web\CWebApplication.php(141): CWebApplication->runController('user/index')
#17 C:\xampp\htdocs\yii\framework\base\CApplication.php(169): CWebApplication->processRequest()
#18 C:\xampp\htdocs\aplikasiyii\index.php(13): CApplication->run()
#19 {main}
REQUEST_URI=/aplikasiyii/index.php?r=user/index
---
2016/11/29 20:32:10 [error] [exception.CException] exception 'CException' with message 'UserController has an extra endWidget(CContentDecorator) call in its view.' in C:\xampp\htdocs\yii\framework\web\CBaseController.php:210
Stack trace:
#0 C:\xampp\htdocs\yii\framework\web\CBaseController.php(300): CBaseController->endWidget('CContentDecorat...')
#1 C:\xampp\htdocs\aplikasiyii\themes\blackboot\views\layouts\column2.php(23): CBaseController->endContent()
#2 C:\xampp\htdocs\yii\framework\web\CBaseController.php(126): require('C:\xampp\htdocs...')
#3 C:\xampp\htdocs\yii\framework\web\CBaseController.php(95): CBaseController->renderInternal('C:\xampp\htdocs...', Array, true)
#4 C:\xampp\htdocs\yii\framework\web\CController.php(784): CBaseController->renderFile('C:\xampp\htdocs...', Array, true)
#5 C:\xampp\htdocs\aplikasiyii\protected\controllers\UserController.php(129): CController->render('index', Array)
#6 C:\xampp\htdocs\yii\framework\web\actions\CInlineAction.php(49): UserController->actionIndex()
#7 C:\xampp\htdocs\yii\framework\web\CController.php(308): CInlineAction->runWithParams(Array)
#8 C:\xampp\htdocs\yii\framework\web\filters\CFilterChain.php(133): CController->runAction(Object(CInlineAction))
#9 C:\xampp\htdocs\yii\framework\web\filters\CFilter.php(40): CFilterChain->run()
#10 C:\xampp\htdocs\yii\framework\web\CController.php(1145): CFilter->filter(Object(CFilterChain))
#11 C:\xampp\htdocs\yii\framework\web\filters\CInlineFilter.php(58): CController->filterAccessControl(Object(CFilterChain))
#12 C:\xampp\htdocs\yii\framework\web\filters\CFilterChain.php(130): CInlineFilter->filter(Object(CFilterChain))
#13 C:\xampp\htdocs\yii\framework\web\CController.php(291): CFilterChain->run()
#14 C:\xampp\htdocs\yii\framework\web\CController.php(265): CController->runActionWithFilters(Object(CInlineAction), Array)
#15 C:\xampp\htdocs\yii\framework\web\CWebApplication.php(282): CController->run('index')
#16 C:\xampp\htdocs\yii\framework\web\CWebApplication.php(141): CWebApplication->runController('user/index')
#17 C:\xampp\htdocs\yii\framework\base\CApplication.php(169): CWebApplication->processRequest()
#18 C:\xampp\htdocs\aplikasiyii\index.php(13): CApplication->run()
#19 {main}
REQUEST_URI=/aplikasiyii/index.php?r=user/index
---
2016/11/29 20:35:47 [error] [exception.CException] exception 'CException' with message 'UserController contains improperly nested widget tags in its view "C:\xampp\htdocs\aplikasiyii\themes\blackboot\views//layouts/column2.php". A CContentDecorator widget does not have an endWidget() call.' in C:\xampp\htdocs\yii\framework\web\CBaseController.php:101
Stack trace:
#0 C:\xampp\htdocs\yii\framework\web\CController.php(784): CBaseController->renderFile('C:\xampp\htdocs...', Array, true)
#1 C:\xampp\htdocs\aplikasiyii\protected\controllers\UserController.php(129): CController->render('index', Array)
#2 C:\xampp\htdocs\yii\framework\web\actions\CInlineAction.php(49): UserController->actionIndex()
#3 C:\xampp\htdocs\yii\framework\web\CController.php(308): CInlineAction->runWithParams(Array)
#4 C:\xampp\htdocs\yii\framework\web\filters\CFilterChain.php(133): CController->runAction(Object(CInlineAction))
#5 C:\xampp\htdocs\yii\framework\web\filters\CFilter.php(40): CFilterChain->run()
#6 C:\xampp\htdocs\yii\framework\web\CController.php(1145): CFilter->filter(Object(CFilterChain))
#7 C:\xampp\htdocs\yii\framework\web\filters\CInlineFilter.php(58): CController->filterAccessControl(Object(CFilterChain))
#8 C:\xampp\htdocs\yii\framework\web\filters\CFilterChain.php(130): CInlineFilter->filter(Object(CFilterChain))
#9 C:\xampp\htdocs\yii\framework\web\CController.php(291): CFilterChain->run()
#10 C:\xampp\htdocs\yii\framework\web\CController.php(265): CController->runActionWithFilters(Object(CInlineAction), Array)
#11 C:\xampp\htdocs\yii\framework\web\CWebApplication.php(282): CController->run('index')
#12 C:\xampp\htdocs\yii\framework\web\CWebApplication.php(141): CWebApplication->runController('user/index')
#13 C:\xampp\htdocs\yii\framework\base\CApplication.php(169): CWebApplication->processRequest()
#14 C:\xampp\htdocs\aplikasiyii\index.php(13): CApplication->run()
#15 {main}
REQUEST_URI=/aplikasiyii/index.php?r=user/index
HTTP_REFERER=http://localhost/aplikasiyii/index.php
---
2016/11/29 20:46:02 [error] [exception.CException] exception 'CException' with message 'UserController contains improperly nested widget tags in its view "C:\xampp\htdocs\aplikasiyii\themes\blackboot\views//layouts/column2.php". A CContentDecorator widget does not have an endWidget() call.' in C:\xampp\htdocs\yii\framework\web\CBaseController.php:101
Stack trace:
#0 C:\xampp\htdocs\yii\framework\web\CController.php(784): CBaseController->renderFile('C:\xampp\htdocs...', Array, true)
#1 C:\xampp\htdocs\aplikasiyii\protected\controllers\UserController.php(129): CController->render('index', Array)
#2 C:\xampp\htdocs\yii\framework\web\actions\CInlineAction.php(49): UserController->actionIndex()
#3 C:\xampp\htdocs\yii\framework\web\CController.php(308): CInlineAction->runWithParams(Array)
#4 C:\xampp\htdocs\yii\framework\web\filters\CFilterChain.php(133): CController->runAction(Object(CInlineAction))
#5 C:\xampp\htdocs\yii\framework\web\filters\CFilter.php(40): CFilterChain->run()
#6 C:\xampp\htdocs\yii\framework\web\CController.php(1145): CFilter->filter(Object(CFilterChain))
#7 C:\xampp\htdocs\yii\framework\web\filters\CInlineFilter.php(58): CController->filterAccessControl(Object(CFilterChain))
#8 C:\xampp\htdocs\yii\framework\web\filters\CFilterChain.php(130): CInlineFilter->filter(Object(CFilterChain))
#9 C:\xampp\htdocs\yii\framework\web\CController.php(291): CFilterChain->run()
#10 C:\xampp\htdocs\yii\framework\web\CController.php(265): CController->runActionWithFilters(Object(CInlineAction), Array)
#11 C:\xampp\htdocs\yii\framework\web\CWebApplication.php(282): CController->run('index')
#12 C:\xampp\htdocs\yii\framework\web\CWebApplication.php(141): CWebApplication->runController('user/index')
#13 C:\xampp\htdocs\yii\framework\base\CApplication.php(169): CWebApplication->processRequest()
#14 C:\xampp\htdocs\aplikasiyii\index.php(13): CApplication->run()
#15 {main}
REQUEST_URI=/aplikasiyii/index.php?r=user/index
HTTP_REFERER=http://localhost/aplikasiyii/index.php
---
2016/11/29 20:48:42 [error] [exception.CException] exception 'CException' with message 'Property "EWebUser.isAdmin" is not defined.' in C:\xampp\htdocs\yii\framework\base\CComponent.php:130
Stack trace:
#0 C:\xampp\htdocs\yii\framework\web\auth\CWebUser.php(140): CComponent->__get('isAdmin')
#1 C:\xampp\htdocs\aplikasiyii\themes\blackboot\views\layouts\main.php(56): CWebUser->__get('isAdmin')
#2 C:\xampp\htdocs\yii\framework\web\CBaseController.php(126): require('C:\xampp\htdocs...')
#3 C:\xampp\htdocs\yii\framework\web\CBaseController.php(95): CBaseController->renderInternal('C:\xampp\htdocs...', Array, true)
#4 C:\xampp\htdocs\yii\framework\web\widgets\CContentDecorator.php(76): CBaseController->renderFile('C:\xampp\htdocs...', Array, true)
#5 C:\xampp\htdocs\yii\framework\web\widgets\CContentDecorator.php(54): CContentDecorator->decorate('<div class="row...')
#6 C:\xampp\htdocs\yii\framework\web\widgets\COutputProcessor.php(44): CContentDecorator->processOutput('<div class="row...')
#7 C:\xampp\htdocs\yii\framework\web\CBaseController.php(206): COutputProcessor->run()
#8 C:\xampp\htdocs\yii\framework\web\CBaseController.php(300): CBaseController->endWidget('CContentDecorat...')
#9 C:\xampp\htdocs\aplikasiyii\themes\blackboot\views\layouts\column1.php(9): CBaseController->endContent()
#10 C:\xampp\htdocs\yii\framework\web\CBaseController.php(126): require('C:\xampp\htdocs...')
#11 C:\xampp\htdocs\yii\framework\web\CBaseController.php(95): CBaseController->renderInternal('C:\xampp\htdocs...', Array, true)
#12 C:\xampp\htdocs\yii\framework\web\CController.php(784): CBaseController->renderFile('C:\xampp\htdocs...', Array, true)
#13 C:\xampp\htdocs\aplikasiyii\protected\controllers\SiteController.php(32): CController->render('index')
#14 C:\xampp\htdocs\yii\framework\web\actions\CInlineAction.php(49): SiteController->actionIndex()
#15 C:\xampp\htdocs\yii\framework\web\CController.php(308): CInlineAction->runWithParams(Array)
#16 C:\xampp\htdocs\yii\framework\web\CController.php(286): CController->runAction(Object(CInlineAction))
#17 C:\xampp\htdocs\yii\framework\web\CController.php(265): CController->runActionWithFilters(Object(CInlineAction), Array)
#18 C:\xampp\htdocs\yii\framework\web\CWebApplication.php(282): CController->run('')
#19 C:\xampp\htdocs\yii\framework\web\CWebApplication.php(141): CWebApplication->runController('')
#20 C:\xampp\htdocs\yii\framework\base\CApplication.php(169): CWebApplication->processRequest()
#21 C:\xampp\htdocs\aplikasiyii\index.php(13): CApplication->run()
#22 {main}
REQUEST_URI=/aplikasiyii/index.php
---
2016/11/29 20:49:13 [error] [exception.CException] exception 'CException' with message 'Property "EWebUser.isAdmin" is not defined.' in C:\xampp\htdocs\yii\framework\base\CComponent.php:130
Stack trace:
#0 C:\xampp\htdocs\yii\framework\web\auth\CWebUser.php(140): CComponent->__get('isAdmin')
#1 C:\xampp\htdocs\aplikasiyii\themes\blackboot\views\layouts\main.php(56): CWebUser->__get('isAdmin')
#2 C:\xampp\htdocs\yii\framework\web\CBaseController.php(126): require('C:\xampp\htdocs...')
#3 C:\xampp\htdocs\yii\framework\web\CBaseController.php(95): CBaseController->renderInternal('C:\xampp\htdocs...', Array, true)
#4 C:\xampp\htdocs\yii\framework\web\widgets\CContentDecorator.php(76): CBaseController->renderFile('C:\xampp\htdocs...', Array, true)
#5 C:\xampp\htdocs\yii\framework\web\widgets\CContentDecorator.php(54): CContentDecorator->decorate('<div class="row...')
#6 C:\xampp\htdocs\yii\framework\web\widgets\COutputProcessor.php(44): CContentDecorator->processOutput('<div class="row...')
#7 C:\xampp\htdocs\yii\framework\web\CBaseController.php(206): COutputProcessor->run()
#8 C:\xampp\htdocs\yii\framework\web\CBaseController.php(300): CBaseController->endWidget('CContentDecorat...')
#9 C:\xampp\htdocs\aplikasiyii\themes\blackboot\views\layouts\column1.php(9): CBaseController->endContent()
#10 C:\xampp\htdocs\yii\framework\web\CBaseController.php(126): require('C:\xampp\htdocs...')
#11 C:\xampp\htdocs\yii\framework\web\CBaseController.php(95): CBaseController->renderInternal('C:\xampp\htdocs...', Array, true)
#12 C:\xampp\htdocs\yii\framework\web\CController.php(784): CBaseController->renderFile('C:\xampp\htdocs...', Array, true)
#13 C:\xampp\htdocs\aplikasiyii\protected\controllers\SiteController.php(32): CController->render('index')
#14 C:\xampp\htdocs\yii\framework\web\actions\CInlineAction.php(49): SiteController->actionIndex()
#15 C:\xampp\htdocs\yii\framework\web\CController.php(308): CInlineAction->runWithParams(Array)
#16 C:\xampp\htdocs\yii\framework\web\CController.php(286): CController->runAction(Object(CInlineAction))
#17 C:\xampp\htdocs\yii\framework\web\CController.php(265): CController->runActionWithFilters(Object(CInlineAction), Array)
#18 C:\xampp\htdocs\yii\framework\web\CWebApplication.php(282): CController->run('')
#19 C:\xampp\htdocs\yii\framework\web\CWebApplication.php(141): CWebApplication->runController('')
#20 C:\xampp\htdocs\yii\framework\base\CApplication.php(169): CWebApplication->processRequest()
#21 C:\xampp\htdocs\aplikasiyii\index.php(13): CApplication->run()
#22 {main}
REQUEST_URI=/aplikasiyii/index.php
---
2016/11/29 20:49:14 [error] [exception.CException] exception 'CException' with message 'Property "EWebUser.isAdmin" is not defined.' in C:\xampp\htdocs\yii\framework\base\CComponent.php:130
Stack trace:
#0 C:\xampp\htdocs\yii\framework\web\auth\CWebUser.php(140): CComponent->__get('isAdmin')
#1 C:\xampp\htdocs\aplikasiyii\themes\blackboot\views\layouts\main.php(56): CWebUser->__get('isAdmin')
#2 C:\xampp\htdocs\yii\framework\web\CBaseController.php(126): require('C:\xampp\htdocs...')
#3 C:\xampp\htdocs\yii\framework\web\CBaseController.php(95): CBaseController->renderInternal('C:\xampp\htdocs...', Array, true)
#4 C:\xampp\htdocs\yii\framework\web\widgets\CContentDecorator.php(76): CBaseController->renderFile('C:\xampp\htdocs...', Array, true)
#5 C:\xampp\htdocs\yii\framework\web\widgets\CContentDecorator.php(54): CContentDecorator->decorate('<div class="row...')
#6 C:\xampp\htdocs\yii\framework\web\widgets\COutputProcessor.php(44): CContentDecorator->processOutput('<div class="row...')
#7 C:\xampp\htdocs\yii\framework\web\CBaseController.php(206): COutputProcessor->run()
#8 C:\xampp\htdocs\yii\framework\web\CBaseController.php(300): CBaseController->endWidget('CContentDecorat...')
#9 C:\xampp\htdocs\aplikasiyii\themes\blackboot\views\layouts\column1.php(9): CBaseController->endContent()
#10 C:\xampp\htdocs\yii\framework\web\CBaseController.php(126): require('C:\xampp\htdocs...')
#11 C:\xampp\htdocs\yii\framework\web\CBaseController.php(95): CBaseController->renderInternal('C:\xampp\htdocs...', Array, true)
#12 C:\xampp\htdocs\yii\framework\web\CController.php(784): CBaseController->renderFile('C:\xampp\htdocs...', Array, true)
#13 C:\xampp\htdocs\aplikasiyii\protected\controllers\SiteController.php(32): CController->render('index')
#14 C:\xampp\htdocs\yii\framework\web\actions\CInlineAction.php(49): SiteController->actionIndex()
#15 C:\xampp\htdocs\yii\framework\web\CController.php(308): CInlineAction->runWithParams(Array)
#16 C:\xampp\htdocs\yii\framework\web\CController.php(286): CController->runAction(Object(CInlineAction))
#17 C:\xampp\htdocs\yii\framework\web\CController.php(265): CController->runActionWithFilters(Object(CInlineAction), Array)
#18 C:\xampp\htdocs\yii\framework\web\CWebApplication.php(282): CController->run('')
#19 C:\xampp\htdocs\yii\framework\web\CWebApplication.php(141): CWebApplication->runController('')
#20 C:\xampp\htdocs\yii\framework\base\CApplication.php(169): CWebApplication->processRequest()
#21 C:\xampp\htdocs\aplikasiyii\index.php(13): CApplication->run()
#22 {main}
REQUEST_URI=/aplikasiyii/index.php
---
2016/11/29 20:52:34 [error] [exception.CException] exception 'CException' with message 'EWebUser and its behaviors do not have a method or closure named "getLevel".' in C:\xampp\htdocs\yii\framework\base\CComponent.php:265
Stack trace:
#0 C:\xampp\htdocs\aplikasiyii\themes\blackboot\views\layouts\column2.php(5): CComponent->__call('getLevel', Array)
#1 C:\xampp\htdocs\aplikasiyii\themes\blackboot\views\layouts\column2.php(5): EWebUser->getLevel()
#2 C:\xampp\htdocs\yii\framework\web\CBaseController.php(126): require('C:\xampp\htdocs...')
#3 C:\xampp\htdocs\yii\framework\web\CBaseController.php(95): CBaseController->renderInternal('C:\xampp\htdocs...', Array, true)
#4 C:\xampp\htdocs\yii\framework\web\CController.php(784): CBaseController->renderFile('C:\xampp\htdocs...', Array, true)
#5 C:\xampp\htdocs\aplikasiyii\protected\controllers\UserController.php(144): CController->render('admin', Array)
#6 C:\xampp\htdocs\yii\framework\web\actions\CInlineAction.php(49): UserController->actionAdmin()
#7 C:\xampp\htdocs\yii\framework\web\CController.php(308): CInlineAction->runWithParams(Array)
#8 C:\xampp\htdocs\yii\framework\web\filters\CFilterChain.php(133): CController->runAction(Object(CInlineAction))
#9 C:\xampp\htdocs\yii\framework\web\filters\CFilter.php(40): CFilterChain->run()
#10 C:\xampp\htdocs\yii\framework\web\CController.php(1145): CFilter->filter(Object(CFilterChain))
#11 C:\xampp\htdocs\yii\framework\web\filters\CInlineFilter.php(58): CController->filterAccessControl(Object(CFilterChain))
#12 C:\xampp\htdocs\yii\framework\web\filters\CFilterChain.php(130): CInlineFilter->filter(Object(CFilterChain))
#13 C:\xampp\htdocs\yii\framework\web\CController.php(291): CFilterChain->run()
#14 C:\xampp\htdocs\yii\framework\web\CController.php(265): CController->runActionWithFilters(Object(CInlineAction), Array)
#15 C:\xampp\htdocs\yii\framework\web\CWebApplication.php(282): CController->run('admin')
#16 C:\xampp\htdocs\yii\framework\web\CWebApplication.php(141): CWebApplication->runController('User/admin')
#17 C:\xampp\htdocs\yii\framework\base\CApplication.php(169): CWebApplication->processRequest()
#18 C:\xampp\htdocs\aplikasiyii\index.php(13): CApplication->run()
#19 {main}
REQUEST_URI=/aplikasiyii/index.php?r=User/admin&view=about
HTTP_REFERER=http://localhost/aplikasiyii/index.php
---
2016/11/29 21:01:49 [error] [exception.CHttpException.404] exception 'CHttpException' with message 'Unable to resolve the request "forum/member/view".' in C:\xampp\htdocs\yii\framework\web\CWebApplication.php:286
Stack trace:
#0 C:\xampp\htdocs\yii\framework\web\CWebApplication.php(141): CWebApplication->runController('forum/member/vi...')
#1 C:\xampp\htdocs\yii\framework\base\CApplication.php(169): CWebApplication->processRequest()
#2 C:\xampp\htdocs\aplikasiyii\index.php(13): CApplication->run()
#3 {main}
REQUEST_URI=/aplikasiyii/index.php?r=forum/member/view&id=4
HTTP_REFERER=http://localhost/aplikasiyii/index.php?r=user/index
---
2016/11/29 21:02:06 [error] [exception.CHttpException.404] exception 'CHttpException' with message 'Unable to resolve the request "forum/member/view".' in C:\xampp\htdocs\yii\framework\web\CWebApplication.php:286
Stack trace:
#0 C:\xampp\htdocs\yii\framework\web\CWebApplication.php(141): CWebApplication->runController('forum/member/vi...')
#1 C:\xampp\htdocs\yii\framework\base\CApplication.php(169): CWebApplication->processRequest()
#2 C:\xampp\htdocs\aplikasiyii\index.php(13): CApplication->run()
#3 {main}
REQUEST_URI=/aplikasiyii/index.php?r=forum/member/view&id=4
---
2016/11/29 21:13:30 [error] [php] Undefined variable: model (C:\xampp\htdocs\aplikasiyii\protected\views\user\_view.php:3)
Stack trace:
#0 C:\xampp\htdocs\yii\framework\zii\widgets\CListView.php(281): UserController->renderFile()
#1 C:\xampp\htdocs\yii\framework\zii\widgets\CBaseListView.php(160): CListView->renderItems()
#2 unknown(0): CListView->renderSection()
#3 C:\xampp\htdocs\yii\framework\zii\widgets\CBaseListView.php(143): preg_replace_callback()
#4 C:\xampp\htdocs\yii\framework\zii\widgets\CBaseListView.php(128): CListView->renderContent()
#5 C:\xampp\htdocs\yii\framework\web\CBaseController.php(173): CListView->run()
#6 C:\xampp\htdocs\aplikasiyii\protected\views\user\index.php(20): UserController->widget()
#7 C:\xampp\htdocs\yii\framework\web\CBaseController.php(126): require()
#8 C:\xampp\htdocs\yii\framework\web\CBaseController.php(95): UserController->renderInternal()
#9 C:\xampp\htdocs\yii\framework\web\CController.php(869): UserController->renderFile()
#10 C:\xampp\htdocs\yii\framework\web\CController.php(782): UserController->renderPartial()
#11 C:\xampp\htdocs\aplikasiyii\protected\controllers\UserController.php(129): UserController->render()
#12 C:\xampp\htdocs\yii\framework\web\actions\CInlineAction.php(49): UserController->actionIndex()
#13 C:\xampp\htdocs\yii\framework\web\CController.php(308): CInlineAction->runWithParams()
#14 C:\xampp\htdocs\yii\framework\web\filters\CFilterChain.php(133): UserController->runAction()
#15 C:\xampp\htdocs\yii\framework\web\filters\CFilter.php(40): CFilterChain->run()
#16 C:\xampp\htdocs\yii\framework\web\CController.php(1145): CAccessControlFilter->filter()
#17 C:\xampp\htdocs\yii\framework\web\filters\CInlineFilter.php(58): UserController->filterAccessControl()
#18 C:\xampp\htdocs\yii\framework\web\filters\CFilterChain.php(130): CInlineFilter->filter()
#19 C:\xampp\htdocs\yii\framework\web\CController.php(291): CFilterChain->run()
#20 C:\xampp\htdocs\yii\framework\web\CController.php(265): UserController->runActionWithFilters()
#21 C:\xampp\htdocs\yii\framework\web\CWebApplication.php(282): UserController->run()
#22 C:\xampp\htdocs\yii\framework\web\CWebApplication.php(141): CWebApplication->runController()
#23 C:\xampp\htdocs\yii\framework\base\CApplication.php(169): CWebApplication->processRequest()
#24 C:\xampp\htdocs\aplikasiyii\index.php(13): CWebApplication->run()
REQUEST_URI=/aplikasiyii/index.php?r=user/index
in C:\xampp\htdocs\aplikasiyii\protected\views\user\_view.php (3)
in C:\xampp\htdocs\aplikasiyii\protected\views\user\index.php (20)
in C:\xampp\htdocs\aplikasiyii\protected\controllers\UserController.php (129)
2016/11/29 21:14:33 [error] [php] Undefined variable: model (C:\xampp\htdocs\aplikasiyii\protected\views\user\_view.php:4)
Stack trace:
#0 C:\xampp\htdocs\yii\framework\zii\widgets\CListView.php(281): UserController->renderFile()
#1 C:\xampp\htdocs\yii\framework\zii\widgets\CBaseListView.php(160): CListView->renderItems()
#2 unknown(0): CListView->renderSection()
#3 C:\xampp\htdocs\yii\framework\zii\widgets\CBaseListView.php(143): preg_replace_callback()
#4 C:\xampp\htdocs\yii\framework\zii\widgets\CBaseListView.php(128): CListView->renderContent()
#5 C:\xampp\htdocs\yii\framework\web\CBaseController.php(173): CListView->run()
#6 C:\xampp\htdocs\aplikasiyii\protected\views\user\index.php(20): UserController->widget()
#7 C:\xampp\htdocs\yii\framework\web\CBaseController.php(126): require()
#8 C:\xampp\htdocs\yii\framework\web\CBaseController.php(95): UserController->renderInternal()
#9 C:\xampp\htdocs\yii\framework\web\CController.php(869): UserController->renderFile()
#10 C:\xampp\htdocs\yii\framework\web\CController.php(782): UserController->renderPartial()
#11 C:\xampp\htdocs\aplikasiyii\protected\controllers\UserController.php(129): UserController->render()
#12 C:\xampp\htdocs\yii\framework\web\actions\CInlineAction.php(49): UserController->actionIndex()
#13 C:\xampp\htdocs\yii\framework\web\CController.php(308): CInlineAction->runWithParams()
#14 C:\xampp\htdocs\yii\framework\web\filters\CFilterChain.php(133): UserController->runAction()
#15 C:\xampp\htdocs\yii\framework\web\filters\CFilter.php(40): CFilterChain->run()
#16 C:\xampp\htdocs\yii\framework\web\CController.php(1145): CAccessControlFilter->filter()
#17 C:\xampp\htdocs\yii\framework\web\filters\CInlineFilter.php(58): UserController->filterAccessControl()
#18 C:\xampp\htdocs\yii\framework\web\filters\CFilterChain.php(130): CInlineFilter->filter()
#19 C:\xampp\htdocs\yii\framework\web\CController.php(291): CFilterChain->run()
#20 C:\xampp\htdocs\yii\framework\web\CController.php(265): UserController->runActionWithFilters()
#21 C:\xampp\htdocs\yii\framework\web\CWebApplication.php(282): UserController->run()
#22 C:\xampp\htdocs\yii\framework\web\CWebApplication.php(141): CWebApplication->runController()
#23 C:\xampp\htdocs\yii\framework\base\CApplication.php(169): CWebApplication->processRequest()
#24 C:\xampp\htdocs\aplikasiyii\index.php(13): CWebApplication->run()
REQUEST_URI=/aplikasiyii/index.php?r=user/index
in C:\xampp\htdocs\aplikasiyii\protected\views\user\_view.php (4)
in C:\xampp\htdocs\aplikasiyii\protected\views\user\index.php (20)
in C:\xampp\htdocs\aplikasiyii\protected\controllers\UserController.php (129)
2016/11/29 21:14:37 [error] [php] Undefined variable: model (C:\xampp\htdocs\aplikasiyii\protected\views\user\_view.php:4)
Stack trace:
#0 C:\xampp\htdocs\yii\framework\zii\widgets\CListView.php(281): UserController->renderFile()
#1 C:\xampp\htdocs\yii\framework\zii\widgets\CBaseListView.php(160): CListView->renderItems()
#2 unknown(0): CListView->renderSection()
#3 C:\xampp\htdocs\yii\framework\zii\widgets\CBaseListView.php(143): preg_replace_callback()
#4 C:\xampp\htdocs\yii\framework\zii\widgets\CBaseListView.php(128): CListView->renderContent()
#5 C:\xampp\htdocs\yii\framework\web\CBaseController.php(173): CListView->run()
#6 C:\xampp\htdocs\aplikasiyii\protected\views\user\index.php(20): UserController->widget()
#7 C:\xampp\htdocs\yii\framework\web\CBaseController.php(126): require()
#8 C:\xampp\htdocs\yii\framework\web\CBaseController.php(95): UserController->renderInternal()
#9 C:\xampp\htdocs\yii\framework\web\CController.php(869): UserController->renderFile()
#10 C:\xampp\htdocs\yii\framework\web\CController.php(782): UserController->renderPartial()
#11 C:\xampp\htdocs\aplikasiyii\protected\controllers\UserController.php(129): UserController->render()
#12 C:\xampp\htdocs\yii\framework\web\actions\CInlineAction.php(49): UserController->actionIndex()
#13 C:\xampp\htdocs\yii\framework\web\CController.php(308): CInlineAction->runWithParams()
#14 C:\xampp\htdocs\yii\framework\web\filters\CFilterChain.php(133): UserController->runAction()
#15 C:\xampp\htdocs\yii\framework\web\filters\CFilter.php(40): CFilterChain->run()
#16 C:\xampp\htdocs\yii\framework\web\CController.php(1145): CAccessControlFilter->filter()
#17 C:\xampp\htdocs\yii\framework\web\filters\CInlineFilter.php(58): UserController->filterAccessControl()
#18 C:\xampp\htdocs\yii\framework\web\filters\CFilterChain.php(130): CInlineFilter->filter()
#19 C:\xampp\htdocs\yii\framework\web\CController.php(291): CFilterChain->run()
#20 C:\xampp\htdocs\yii\framework\web\CController.php(265): UserController->runActionWithFilters()
#21 C:\xampp\htdocs\yii\framework\web\CWebApplication.php(282): UserController->run()
#22 C:\xampp\htdocs\yii\framework\web\CWebApplication.php(141): CWebApplication->runController()
#23 C:\xampp\htdocs\yii\framework\base\CApplication.php(169): CWebApplication->processRequest()
#24 C:\xampp\htdocs\aplikasiyii\index.php(13): CWebApplication->run()
REQUEST_URI=/aplikasiyii/index.php?r=user/index
in C:\xampp\htdocs\aplikasiyii\protected\views\user\_view.php (4)
in C:\xampp\htdocs\aplikasiyii\protected\views\user\index.php (20)
in C:\xampp\htdocs\aplikasiyii\protected\controllers\UserController.php (129)
2016/11/29 21:14:55 [error] [php] Undefined variable: model (C:\xampp\htdocs\aplikasiyii\protected\views\user\_view.php:4)
Stack trace:
#0 C:\xampp\htdocs\yii\framework\zii\widgets\CListView.php(281): UserController->renderFile()
#1 C:\xampp\htdocs\yii\framework\zii\widgets\CBaseListView.php(160): CListView->renderItems()
#2 unknown(0): CListView->renderSection()
#3 C:\xampp\htdocs\yii\framework\zii\widgets\CBaseListView.php(143): preg_replace_callback()
#4 C:\xampp\htdocs\yii\framework\zii\widgets\CBaseListView.php(128): CListView->renderContent()
#5 C:\xampp\htdocs\yii\framework\web\CBaseController.php(173): CListView->run()
#6 C:\xampp\htdocs\aplikasiyii\protected\views\user\index.php(20): UserController->widget()
#7 C:\xampp\htdocs\yii\framework\web\CBaseController.php(126): require()
#8 C:\xampp\htdocs\yii\framework\web\CBaseController.php(95): UserController->renderInternal()
#9 C:\xampp\htdocs\yii\framework\web\CController.php(869): UserController->renderFile()
#10 C:\xampp\htdocs\yii\framework\web\CController.php(782): UserController->renderPartial()
#11 C:\xampp\htdocs\aplikasiyii\protected\controllers\UserController.php(129): UserController->render()
#12 C:\xampp\htdocs\yii\framework\web\actions\CInlineAction.php(49): UserController->actionIndex()
#13 C:\xampp\htdocs\yii\framework\web\CController.php(308): CInlineAction->runWithParams()
#14 C:\xampp\htdocs\yii\framework\web\filters\CFilterChain.php(133): UserController->runAction()
#15 C:\xampp\htdocs\yii\framework\web\filters\CFilter.php(40): CFilterChain->run()
#16 C:\xampp\htdocs\yii\framework\web\CController.php(1145): CAccessControlFilter->filter()
#17 C:\xampp\htdocs\yii\framework\web\filters\CInlineFilter.php(58): UserController->filterAccessControl()
#18 C:\xampp\htdocs\yii\framework\web\filters\CFilterChain.php(130): CInlineFilter->filter()
#19 C:\xampp\htdocs\yii\framework\web\CController.php(291): CFilterChain->run()
#20 C:\xampp\htdocs\yii\framework\web\CController.php(265): UserController->runActionWithFilters()
#21 C:\xampp\htdocs\yii\framework\web\CWebApplication.php(282): UserController->run()
#22 C:\xampp\htdocs\yii\framework\web\CWebApplication.php(141): CWebApplication->runController()
#23 C:\xampp\htdocs\yii\framework\base\CApplication.php(169): CWebApplication->processRequest()
#24 C:\xampp\htdocs\aplikasiyii\index.php(13): CWebApplication->run()
REQUEST_URI=/aplikasiyii/index.php?r=user/index
in C:\xampp\htdocs\aplikasiyii\protected\views\user\_view.php (4)
in C:\xampp\htdocs\aplikasiyii\protected\views\user\index.php (20)
in C:\xampp\htdocs\aplikasiyii\protected\controllers\UserController.php (129)
2016/11/29 21:20:03 [error] [php] Undefined variable: dataProvider (C:\xampp\htdocs\aplikasiyii\protected\views\user\_view.php:4)
Stack trace:
#0 C:\xampp\htdocs\yii\framework\zii\widgets\CListView.php(281): UserController->renderFile()
#1 C:\xampp\htdocs\yii\framework\zii\widgets\CBaseListView.php(160): CListView->renderItems()
#2 unknown(0): CListView->renderSection()
#3 C:\xampp\htdocs\yii\framework\zii\widgets\CBaseListView.php(143): preg_replace_callback()
#4 C:\xampp\htdocs\yii\framework\zii\widgets\CBaseListView.php(128): CListView->renderContent()
#5 C:\xampp\htdocs\yii\framework\web\CBaseController.php(173): CListView->run()
#6 C:\xampp\htdocs\aplikasiyii\protected\views\user\index.php(20): UserController->widget()
#7 C:\xampp\htdocs\yii\framework\web\CBaseController.php(126): require()
#8 C:\xampp\htdocs\yii\framework\web\CBaseController.php(95): UserController->renderInternal()
#9 C:\xampp\htdocs\yii\framework\web\CController.php(869): UserController->renderFile()
#10 C:\xampp\htdocs\yii\framework\web\CController.php(782): UserController->renderPartial()
#11 C:\xampp\htdocs\aplikasiyii\protected\controllers\UserController.php(129): UserController->render()
#12 C:\xampp\htdocs\yii\framework\web\actions\CInlineAction.php(49): UserController->actionIndex()
#13 C:\xampp\htdocs\yii\framework\web\CController.php(308): CInlineAction->runWithParams()
#14 C:\xampp\htdocs\yii\framework\web\filters\CFilterChain.php(133): UserController->runAction()
#15 C:\xampp\htdocs\yii\framework\web\filters\CFilter.php(40): CFilterChain->run()
#16 C:\xampp\htdocs\yii\framework\web\CController.php(1145): CAccessControlFilter->filter()
#17 C:\xampp\htdocs\yii\framework\web\filters\CInlineFilter.php(58): UserController->filterAccessControl()
#18 C:\xampp\htdocs\yii\framework\web\filters\CFilterChain.php(130): CInlineFilter->filter()
#19 C:\xampp\htdocs\yii\framework\web\CController.php(291): CFilterChain->run()
#20 C:\xampp\htdocs\yii\framework\web\CController.php(265): UserController->runActionWithFilters()
#21 C:\xampp\htdocs\yii\framework\web\CWebApplication.php(282): UserController->run()
#22 C:\xampp\htdocs\yii\framework\web\CWebApplication.php(141): CWebApplication->runController()
#23 C:\xampp\htdocs\yii\framework\base\CApplication.php(169): CWebApplication->processRequest()
#24 C:\xampp\htdocs\aplikasiyii\index.php(13): CWebApplication->run()
REQUEST_URI=/aplikasiyii/index.php?r=user/index
in C:\xampp\htdocs\aplikasiyii\protected\views\user\_view.php (4)
in C:\xampp\htdocs\aplikasiyii\protected\views\user\index.php (20)
in C:\xampp\htdocs\aplikasiyii\protected\controllers\UserController.php (129)
2016/11/29 21:23:46 [error] [php] Undefined variable: dataProvider (C:\xampp\htdocs\aplikasiyii\protected\views\user\_view.php:4)
Stack trace:
#0 C:\xampp\htdocs\yii\framework\zii\widgets\CListView.php(281): UserController->renderFile()
#1 C:\xampp\htdocs\yii\framework\zii\widgets\CBaseListView.php(160): CListView->renderItems()
#2 unknown(0): CListView->renderSection()
#3 C:\xampp\htdocs\yii\framework\zii\widgets\CBaseListView.php(143): preg_replace_callback()
#4 C:\xampp\htdocs\yii\framework\zii\widgets\CBaseListView.php(128): CListView->renderContent()
#5 C:\xampp\htdocs\yii\framework\web\CBaseController.php(173): CListView->run()
#6 C:\xampp\htdocs\aplikasiyii\protected\views\user\index.php(20): UserController->widget()
#7 C:\xampp\htdocs\yii\framework\web\CBaseController.php(126): require()
#8 C:\xampp\htdocs\yii\framework\web\CBaseController.php(95): UserController->renderInternal()
#9 C:\xampp\htdocs\yii\framework\web\CController.php(869): UserController->renderFile()
#10 C:\xampp\htdocs\yii\framework\web\CController.php(782): UserController->renderPartial()
#11 C:\xampp\htdocs\aplikasiyii\protected\controllers\UserController.php(129): UserController->render()
#12 C:\xampp\htdocs\yii\framework\web\actions\CInlineAction.php(49): UserController->actionIndex()
#13 C:\xampp\htdocs\yii\framework\web\CController.php(308): CInlineAction->runWithParams()
#14 C:\xampp\htdocs\yii\framework\web\filters\CFilterChain.php(133): UserController->runAction()
#15 C:\xampp\htdocs\yii\framework\web\filters\CFilter.php(40): CFilterChain->run()
#16 C:\xampp\htdocs\yii\framework\web\CController.php(1145): CAccessControlFilter->filter()
#17 C:\xampp\htdocs\yii\framework\web\filters\CInlineFilter.php(58): UserController->filterAccessControl()
#18 C:\xampp\htdocs\yii\framework\web\filters\CFilterChain.php(130): CInlineFilter->filter()
#19 C:\xampp\htdocs\yii\framework\web\CController.php(291): CFilterChain->run()
#20 C:\xampp\htdocs\yii\framework\web\CController.php(265): UserController->runActionWithFilters()
#21 C:\xampp\htdocs\yii\framework\web\CWebApplication.php(282): UserController->run()
#22 C:\xampp\htdocs\yii\framework\web\CWebApplication.php(141): CWebApplication->runController()
#23 C:\xampp\htdocs\yii\framework\base\CApplication.php(169): CWebApplication->processRequest()
#24 C:\xampp\htdocs\aplikasiyii\index.php(13): CWebApplication->run()
REQUEST_URI=/aplikasiyii/index.php?r=user/index
in C:\xampp\htdocs\aplikasiyii\protected\views\user\_view.php (4)
in C:\xampp\htdocs\aplikasiyii\protected\views\user\index.php (20)
in C:\xampp\htdocs\aplikasiyii\protected\controllers\UserController.php (129)
2016/11/29 21:28:24 [error] [php] Undefined variable: dataProvider2 (C:\xampp\htdocs\aplikasiyii\protected\views\user\index.php:19)
Stack trace:
#0 C:\xampp\htdocs\yii\framework\web\CController.php(869): UserController->renderFile()
#1 C:\xampp\htdocs\yii\framework\web\CController.php(782): UserController->renderPartial()
#2 C:\xampp\htdocs\aplikasiyii\protected\controllers\UserController.php(129): UserController->render()
#3 C:\xampp\htdocs\yii\framework\web\actions\CInlineAction.php(49): UserController->actionIndex()
#4 C:\xampp\htdocs\yii\framework\web\CController.php(308): CInlineAction->runWithParams()
#5 C:\xampp\htdocs\yii\framework\web\filters\CFilterChain.php(133): UserController->runAction()
#6 C:\xampp\htdocs\yii\framework\web\filters\CFilter.php(40): CFilterChain->run()
#7 C:\xampp\htdocs\yii\framework\web\CController.php(1145): CAccessControlFilter->filter()
#8 C:\xampp\htdocs\yii\framework\web\filters\CInlineFilter.php(58): UserController->filterAccessControl()
#9 C:\xampp\htdocs\yii\framework\web\filters\CFilterChain.php(130): CInlineFilter->filter()
#10 C:\xampp\htdocs\yii\framework\web\CController.php(291): CFilterChain->run()
#11 C:\xampp\htdocs\yii\framework\web\CController.php(265): UserController->runActionWithFilters()
#12 C:\xampp\htdocs\yii\framework\web\CWebApplication.php(282): UserController->run()
#13 C:\xampp\htdocs\yii\framework\web\CWebApplication.php(141): CWebApplication->runController()
#14 C:\xampp\htdocs\yii\framework\base\CApplication.php(169): CWebApplication->processRequest()
#15 C:\xampp\htdocs\aplikasiyii\index.php(13): CWebApplication->run()
REQUEST_URI=/aplikasiyii/index.php?r=user/index
in C:\xampp\htdocs\aplikasiyii\protected\views\user\index.php (19)
in C:\xampp\htdocs\aplikasiyii\protected\controllers\UserController.php (129)
in C:\xampp\htdocs\aplikasiyii\index.php (13)
2016/11/29 21:28:36 [error] [exception.CException] exception 'CException' with message 'Property "User.judul" is not defined.' in C:\xampp\htdocs\yii\framework\base\CComponent.php:130
Stack trace:
#0 C:\xampp\htdocs\yii\framework\db\ar\CActiveRecord.php(143): CComponent->__get('judul')
#1 C:\xampp\htdocs\yii\framework\base\CModel.php(595): CActiveRecord->__get('judul')
#2 C:\xampp\htdocs\yii\framework\base\CComponent.php(606) : eval()'d code(1): CModel->offsetGet('judul')
#3 C:\xampp\htdocs\yii\framework\base\CComponent.php(606): eval()
#4 C:\xampp\htdocs\yii\framework\zii\widgets\grid\CDataColumn.php(131): CComponent->evaluateExpression('Chtml::link($da...', Array)
#5 C:\xampp\htdocs\yii\framework\zii\widgets\grid\CGridColumn.php(144): CDataColumn->renderDataCellContent(0, Object(User))
#6 C:\xampp\htdocs\yii\framework\zii\widgets\grid\CGridView.php(589): CGridColumn->renderDataCell(0)
#7 C:\xampp\htdocs\yii\framework\zii\widgets\grid\CGridView.php(545): CGridView->renderTableRow(0)
#8 C:\xampp\htdocs\yii\framework\zii\widgets\grid\CGridView.php(455): CGridView->renderTableBody()
#9 C:\xampp\htdocs\yii\framework\zii\widgets\CBaseListView.php(160): CGridView->renderItems()
#10 [internal function]: CBaseListView->renderSection(Array)
#11 C:\xampp\htdocs\yii\framework\zii\widgets\CBaseListView.php(143): preg_replace_callback('/{(\w+)}/', Array, '{summary}?{item...')
#12 C:\xampp\htdocs\yii\framework\zii\widgets\CBaseListView.php(128): CBaseListView->renderContent()
#13 C:\xampp\htdocs\yii\framework\web\CBaseController.php(173): CBaseListView->run()
#14 C:\xampp\htdocs\aplikasiyii\protected\views\user\index.php(28): CBaseController->widget('zii.widgets.gri...', Array)
#15 C:\xampp\htdocs\yii\framework\web\CBaseController.php(126): require('C:\xampp\htdocs...')
#16 C:\xampp\htdocs\yii\framework\web\CBaseController.php(95): CBaseController->renderInternal('C:\xampp\htdocs...', Array, true)
#17 C:\xampp\htdocs\yii\framework\web\CController.php(869): CBaseController->renderFile('C:\xampp\htdocs...', Array, true)
#18 C:\xampp\htdocs\yii\framework\web\CController.php(782): CController->renderPartial('index', Array, true)
#19 C:\xampp\htdocs\aplikasiyii\protected\controllers\UserController.php(129): CController->render('index', Array)
#20 C:\xampp\htdocs\yii\framework\web\actions\CInlineAction.php(49): UserController->actionIndex()
#21 C:\xampp\htdocs\yii\framework\web\CController.php(308): CInlineAction->runWithParams(Array)
#22 C:\xampp\htdocs\yii\framework\web\filters\CFilterChain.php(133): CController->runAction(Object(CInlineAction))
#23 C:\xampp\htdocs\yii\framework\web\filters\CFilter.php(40): CFilterChain->run()
#24 C:\xampp\htdocs\yii\framework\web\CController.php(1145): CFilter->filter(Object(CFilterChain))
#25 C:\xampp\htdocs\yii\framework\web\filters\CInlineFilter.php(58): CController->filterAccessControl(Object(CFilterChain))
#26 C:\xampp\htdocs\yii\framework\web\filters\CFilterChain.php(130): CInlineFilter->filter(Object(CFilterChain))
#27 C:\xampp\htdocs\yii\framework\web\CController.php(291): CFilterChain->run()
#28 C:\xampp\htdocs\yii\framework\web\CController.php(265): CController->runActionWithFilters(Object(CInlineAction), Array)
#29 C:\xampp\htdocs\yii\framework\web\CWebApplication.php(282): CController->run('index')
#30 C:\xampp\htdocs\yii\framework\web\CWebApplication.php(141): CWebApplication->runController('user/index')
#31 C:\xampp\htdocs\yii\framework\base\CApplication.php(169): CWebApplication->processRequest()
#32 C:\xampp\htdocs\aplikasiyii\index.php(13): CApplication->run()
#33 {main}
REQUEST_URI=/aplikasiyii/index.php?r=user/index
---
2016/11/29 21:35:10 [error] [exception.CHttpException.404] exception 'CHttpException' with message 'The system is unable to find the requested action "segitiga".' in C:\xampp\htdocs\yii\framework\web\CController.php:483
Stack trace:
#0 C:\xampp\htdocs\yii\framework\web\CController.php(270): CController->missingAction('segitiga')
#1 C:\xampp\htdocs\yii\framework\web\CWebApplication.php(282): CController->run('segitiga')
#2 C:\xampp\htdocs\yii\framework\web\CWebApplication.php(141): CWebApplication->runController('site/segitiga')
#3 C:\xampp\htdocs\yii\framework\base\CApplication.php(169): CWebApplication->processRequest()
#4 C:\xampp\htdocs\aplikasiyii\index.php(13): CApplication->run()
#5 {main}
REQUEST_URI=/aplikasiyii/index.php?r=site/segitiga
HTTP_REFERER=http://localhost/aplikasiyii/index.php?r=user/index
---
